mode: set
github.com/swarm-editor/swarm-editor/internal/api/emergence.go:32.21,38.2 1 1
github.com/swarm-editor/swarm-editor/internal/api/emergence.go:41.53,46.64 3 1
github.com/swarm-editor/swarm-editor/internal/api/emergence.go:46.64,48.3 1 1
github.com/swarm-editor/swarm-editor/internal/api/emergence.go:50.2,54.34 4 1
github.com/swarm-editor/swarm-editor/internal/api/emergence.go:58.82,59.17 1 1
github.com/swarm-editor/swarm-editor/internal/api/emergence.go:59.17,61.3 1 1
github.com/swarm-editor/swarm-editor/internal/api/emergence.go:62.2,64.27 2 1
github.com/swarm-editor/swarm-editor/internal/api/emergence.go:64.27,67.3 2 1
github.com/swarm-editor/swarm-editor/internal/api/emergence.go:68.2,68.26 1 1
github.com/swarm-editor/swarm-editor/internal/api/emergence.go:68.26,71.3 2 1
github.com/swarm-editor/swarm-editor/internal/api/emergence.go:72.2,72.25 1 1
github.com/swarm-editor/swarm-editor/internal/api/emergence.go:72.25,75.3 2 1
github.com/swarm-editor/swarm-editor/internal/api/emergence.go:76.2,76.12 1 1
github.com/swarm-editor/swarm-editor/internal/api/emergence.go:80.57,96.2 6 1
github.com/swarm-editor/swarm-editor/internal/api/emergence.go:99.63,103.25 2 1
github.com/swarm-editor/swarm-editor/internal/api/emergence.go:103.25,106.22 3 1
github.com/swarm-editor/swarm-editor/internal/api/emergence.go:106.22,116.4 5 1
github.com/swarm-editor/swarm-editor/internal/api/emergence.go:120.2,120.24 1 1
github.com/swarm-editor/swarm-editor/internal/api/emergence.go:120.24,124.23 3 1
github.com/swarm-editor/swarm-editor/internal/api/emergence.go:124.23,128.35 3 1
github.com/swarm-editor/swarm-editor/internal/api/emergence.go:128.35,130.5 1 1
github.com/swarm-editor/swarm-editor/internal/api/emergence.go:134.3,134.31 1 1
github.com/swarm-editor/swarm-editor/internal/api/emergence.go:134.31,136.4 1 1
github.com/swarm-editor/swarm-editor/internal/api/emergence.go:139.3,139.28 1 1
github.com/swarm-editor/swarm-editor/internal/api/emergence.go:139.28,141.34 2 1
github.com/swarm-editor/swarm-editor/internal/api/emergence.go:141.34,143.5 1 1
github.com/swarm-editor/swarm-editor/internal/api/emergence.go:148.2,148.26 1 1
github.com/swarm-editor/swarm-editor/internal/api/emergence.go:148.26,153.28 2 1
github.com/swarm-editor/swarm-editor/internal/api/emergence.go:153.28,155.45 2 1
github.com/swarm-editor/swarm-editor/internal/api/emergence.go:155.45,157.5 1 1
github.com/swarm-editor/swarm-editor/internal/api/emergence.go:162.2,162.30 1 1
github.com/swarm-editor/swarm-editor/internal/api/emergence.go:162.30,164.3 1 1
github.com/swarm-editor/swarm-editor/internal/api/emergence.go:166.2,166.15 1 1
github.com/swarm-editor/swarm-editor/internal/api/emergence.go:170.60,174.25 2 1
github.com/swarm-editor/swarm-editor/internal/api/emergence.go:174.25,179.56 3 1
github.com/swarm-editor/swarm-editor/internal/api/emergence.go:179.56,180.18 1 1
github.com/swarm-editor/swarm-editor/internal/api/emergence.go:180.18,182.5 1 1
github.com/swarm-editor/swarm-editor/internal/api/emergence.go:184.4,186.15 3 1
github.com/swarm-editor/swarm-editor/internal/api/emergence.go:189.3,192.30 2 1
github.com/swarm-editor/swarm-editor/internal/api/emergence.go:192.30,204.4 3 1
github.com/swarm-editor/swarm-editor/internal/api/emergence.go:206.3,206.31 1 1
github.com/swarm-editor/swarm-editor/internal/api/emergence.go:206.31,218.4 3 1
github.com/swarm-editor/swarm-editor/internal/api/emergence.go:220.3,220.32 1 1
github.com/swarm-editor/swarm-editor/internal/api/emergence.go:220.32,232.4 3 1
github.com/swarm-editor/swarm-editor/internal/api/emergence.go:234.3,234.28 1 1
github.com/swarm-editor/swarm-editor/internal/api/emergence.go:234.28,245.4 2 1
github.com/swarm-editor/swarm-editor/internal/api/emergence.go:248.2,248.14 1 1
github.com/swarm-editor/swarm-editor/internal/api/emergence.go:252.58,257.24 3 1
github.com/swarm-editor/swarm-editor/internal/api/emergence.go:257.24,260.29 2 1
github.com/swarm-editor/swarm-editor/internal/api/emergence.go:260.29,269.4 1 1
github.com/swarm-editor/swarm-editor/internal/api/emergence.go:271.3,271.31 1 1
github.com/swarm-editor/swarm-editor/internal/api/emergence.go:271.31,280.4 1 1
github.com/swarm-editor/swarm-editor/internal/api/emergence.go:284.2,284.26 1 1
github.com/swarm-editor/swarm-editor/internal/api/emergence.go:284.26,287.28 2 1
github.com/swarm-editor/swarm-editor/internal/api/emergence.go:287.28,296.4 1 1
github.com/swarm-editor/swarm-editor/internal/api/emergence.go:299.2,299.14 1 1
github.com/swarm-editor/swarm-editor/internal/api/emergence.go:303.70,308.25 3 1
github.com/swarm-editor/swarm-editor/internal/api/emergence.go:308.25,310.32 2 1
github.com/swarm-editor/swarm-editor/internal/api/emergence.go:310.32,315.30 3 1
github.com/swarm-editor/swarm-editor/internal/api/emergence.go:315.30,317.5 1 1
github.com/swarm-editor/swarm-editor/internal/api/emergence.go:319.4,325.6 1 1
github.com/swarm-editor/swarm-editor/internal/api/emergence.go:330.2,330.26 1 1
github.com/swarm-editor/swarm-editor/internal/api/emergence.go:330.26,332.53 2 1
github.com/swarm-editor/swarm-editor/internal/api/emergence.go:332.53,340.4 1 1
github.com/swarm-editor/swarm-editor/internal/api/emergence.go:344.2,344.24 1 1
github.com/swarm-editor/swarm-editor/internal/api/emergence.go:344.24,346.45 2 1
github.com/swarm-editor/swarm-editor/internal/api/emergence.go:346.45,354.4 1 1
github.com/swarm-editor/swarm-editor/internal/api/emergence.go:357.2,357.16 1 1
github.com/swarm-editor/swarm-editor/internal/api/emergence.go:363.91,365.32 1 1
github.com/swarm-editor/swarm-editor/internal/api/emergence.go:365.32,368.3 2 1
github.com/swarm-editor/swarm-editor/internal/api/emergence.go:369.2,373.16 4 1
github.com/swarm-editor/swarm-editor/internal/api/emergence.go:373.16,376.3 2 0
github.com/swarm-editor/swarm-editor/internal/api/emergence.go:377.2,377.14 1 1
github.com/swarm-editor/swarm-editor/internal/api/emergence.go:381.89,382.32 1 1
github.com/swarm-editor/swarm-editor/internal/api/emergence.go:382.32,385.3 2 1
github.com/swarm-editor/swarm-editor/internal/api/emergence.go:386.2,389.16 4 1
github.com/swarm-editor/swarm-editor/internal/api/emergence.go:389.16,392.3 2 0
github.com/swarm-editor/swarm-editor/internal/api/emergence.go:393.2,393.14 1 1
github.com/swarm-editor/swarm-editor/internal/api/emergence.go:397.88,398.32 1 1
github.com/swarm-editor/swarm-editor/internal/api/emergence.go:398.32,401.3 2 1
github.com/swarm-editor/swarm-editor/internal/api/emergence.go:402.2,405.16 4 1
github.com/swarm-editor/swarm-editor/internal/api/emergence.go:405.16,408.3 2 0
github.com/swarm-editor/swarm-editor/internal/api/emergence.go:409.2,409.14 1 1
github.com/swarm-editor/swarm-editor/internal/api/emergence.go:413.87,414.32 1 1
github.com/swarm-editor/swarm-editor/internal/api/emergence.go:414.32,417.3 2 1
github.com/swarm-editor/swarm-editor/internal/api/emergence.go:418.2,421.16 4 1
github.com/swarm-editor/swarm-editor/internal/api/emergence.go:421.16,424.3 2 0
github.com/swarm-editor/swarm-editor/internal/api/emergence.go:425.2,425.14 1 1
github.com/swarm-editor/swarm-editor/internal/api/emergence.go:429.93,430.32 1 1
github.com/swarm-editor/swarm-editor/internal/api/emergence.go:430.32,433.3 2 1
github.com/swarm-editor/swarm-editor/internal/api/emergence.go:434.2,437.16 4 1
github.com/swarm-editor/swarm-editor/internal/api/emergence.go:437.16,440.3 2 0
github.com/swarm-editor/swarm-editor/internal/api/emergence.go:441.2,441.14 1 1
github.com/swarm-editor/swarm-editor/internal/api/handler.go:35.65,37.2 1 1
github.com/swarm-editor/swarm-editor/internal/api/handler.go:40.92,43.22 2 1
github.com/swarm-editor/swarm-editor/internal/api/handler.go:43.22,45.3 1 1
github.com/swarm-editor/swarm-editor/internal/api/handler.go:46.2,49.16 3 1
github.com/swarm-editor/swarm-editor/internal/api/handler.go:51.20,52.40 1 1
github.com/swarm-editor/swarm-editor/internal/api/handler.go:53.19,54.39 1 1
github.com/swarm-editor/swarm-editor/internal/api/handler.go:55.21,56.41 1 1
github.com/swarm-editor/swarm-editor/internal/api/handler.go:57.20,58.40 1 1
github.com/swarm-editor/swarm-editor/internal/api/handler.go:59.24,60.44 1 1
github.com/swarm-editor/swarm-editor/internal/api/handler.go:61.19,62.39 1 1
github.com/swarm-editor/swarm-editor/internal/api/handler.go:63.22,64.42 1 1
github.com/swarm-editor/swarm-editor/internal/api/handler.go:65.22,66.42 1 1
github.com/swarm-editor/swarm-editor/internal/api/handler.go:67.25,68.44 1 1
github.com/swarm-editor/swarm-editor/internal/api/handler.go:71.24,72.44 1 1
github.com/swarm-editor/swarm-editor/internal/api/handler.go:73.22,74.42 1 1
github.com/swarm-editor/swarm-editor/internal/api/handler.go:75.23,76.43 1 1
github.com/swarm-editor/swarm-editor/internal/api/handler.go:79.29,80.49 1 1
github.com/swarm-editor/swarm-editor/internal/api/handler.go:83.20,84.40 1 1
github.com/swarm-editor/swarm-editor/internal/api/handler.go:85.19,86.39 1 1
github.com/swarm-editor/swarm-editor/internal/api/handler.go:87.22,88.42 1 1
github.com/swarm-editor/swarm-editor/internal/api/handler.go:89.21,90.41 1 1
github.com/swarm-editor/swarm-editor/internal/api/handler.go:91.20,92.40 1 1
github.com/swarm-editor/swarm-editor/internal/api/handler.go:93.22,94.42 1 1
github.com/swarm-editor/swarm-editor/internal/api/handler.go:95.21,96.41 1 1
github.com/swarm-editor/swarm-editor/internal/api/handler.go:97.25,98.44 1 1
github.com/swarm-editor/swarm-editor/internal/api/handler.go:99.22,100.42 1 1
github.com/swarm-editor/swarm-editor/internal/api/handler.go:103.19,104.39 1 1
github.com/swarm-editor/swarm-editor/internal/api/handler.go:105.21,106.41 1 1
github.com/swarm-editor/swarm-editor/internal/api/handler.go:107.21,108.41 1 1
github.com/swarm-editor/swarm-editor/internal/api/handler.go:109.27,110.45 1 1
github.com/swarm-editor/swarm-editor/internal/api/handler.go:111.32,112.50 1 1
github.com/swarm-editor/swarm-editor/internal/api/handler.go:115.25,116.44 1 1
github.com/swarm-editor/swarm-editor/internal/api/handler.go:117.26,118.45 1 1
github.com/swarm-editor/swarm-editor/internal/api/handler.go:119.25,120.44 1 1
github.com/swarm-editor/swarm-editor/internal/api/handler.go:121.23,122.42 1 1
github.com/swarm-editor/swarm-editor/internal/api/handler.go:123.24,124.43 1 1
github.com/swarm-editor/swarm-editor/internal/api/handler.go:125.27,126.46 1 1
github.com/swarm-editor/swarm-editor/internal/api/handler.go:129.30,130.49 1 1
github.com/swarm-editor/swarm-editor/internal/api/handler.go:131.28,132.47 1 1
github.com/swarm-editor/swarm-editor/internal/api/handler.go:135.18,136.38 1 1
github.com/swarm-editor/swarm-editor/internal/api/handler.go:137.19,138.39 1 1
github.com/swarm-editor/swarm-editor/internal/api/handler.go:139.20,140.40 1 1
github.com/swarm-editor/swarm-editor/internal/api/handler.go:143.24,144.44 1 1
github.com/swarm-editor/swarm-editor/internal/api/handler.go:145.22,146.42 1 1
github.com/swarm-editor/swarm-editor/internal/api/handler.go:147.25,148.45 1 1
github.com/swarm-editor/swarm-editor/internal/api/handler.go:149.25,150.45 1 1
github.com/swarm-editor/swarm-editor/internal/api/handler.go:151.25,152.45 1 1
github.com/swarm-editor/swarm-editor/internal/api/handler.go:153.26,154.46 1 1
github.com/swarm-editor/swarm-editor/internal/api/handler.go:155.34,156.53 1 1
github.com/swarm-editor/swarm-editor/internal/api/handler.go:157.26,158.46 1 1
github.com/swarm-editor/swarm-editor/internal/api/handler.go:159.25,160.45 1 1
github.com/swarm-editor/swarm-editor/internal/api/handler.go:161.27,162.46 1 1
github.com/swarm-editor/swarm-editor/internal/api/handler.go:163.27,164.46 1 1
github.com/swarm-editor/swarm-editor/internal/api/handler.go:165.29,166.48 1 1
github.com/swarm-editor/swarm-editor/internal/api/handler.go:167.26,168.45 1 1
github.com/swarm-editor/swarm-editor/internal/api/handler.go:169.26,170.45 1 1
github.com/swarm-editor/swarm-editor/internal/api/handler.go:171.26,172.46 1 1
github.com/swarm-editor/swarm-editor/internal/api/handler.go:173.24,174.44 1 1
github.com/swarm-editor/swarm-editor/internal/api/handler.go:175.27,176.47 1 1
github.com/swarm-editor/swarm-editor/internal/api/handler.go:177.27,178.47 1 1
github.com/swarm-editor/swarm-editor/internal/api/handler.go:179.24,180.44 1 1
github.com/swarm-editor/swarm-editor/internal/api/handler.go:181.22,182.42 1 1
github.com/swarm-editor/swarm-editor/internal/api/handler.go:183.25,184.45 1 1
github.com/swarm-editor/swarm-editor/internal/api/handler.go:185.25,186.45 1 1
github.com/swarm-editor/swarm-editor/internal/api/handler.go:189.27,190.46 1 1
github.com/swarm-editor/swarm-editor/internal/api/handler.go:191.25,192.44 1 1
github.com/swarm-editor/swarm-editor/internal/api/handler.go:193.25,194.44 1 1
github.com/swarm-editor/swarm-editor/internal/api/handler.go:197.24,198.44 1 1
github.com/swarm-editor/swarm-editor/internal/api/handler.go:199.22,200.42 1 1
github.com/swarm-editor/swarm-editor/internal/api/handler.go:201.25,202.45 1 1
github.com/swarm-editor/swarm-editor/internal/api/handler.go:203.28,204.47 1 1
github.com/swarm-editor/swarm-editor/internal/api/handler.go:205.27,206.47 1 1
github.com/swarm-editor/swarm-editor/internal/api/handler.go:209.31,210.50 1 1
github.com/swarm-editor/swarm-editor/internal/api/handler.go:211.30,212.49 1 1
github.com/swarm-editor/swarm-editor/internal/api/handler.go:213.36,214.54 1 1
github.com/swarm-editor/swarm-editor/internal/api/handler.go:216.10,217.89 1 1
github.com/swarm-editor/swarm-editor/internal/api/handler.go:223.100,225.21 2 1
github.com/swarm-editor/swarm-editor/internal/api/handler.go:225.21,227.3 1 1
github.com/swarm-editor/swarm-editor/internal/api/handler.go:229.2,233.27 3 1
github.com/swarm-editor/swarm-editor/internal/api/handler.go:233.27,240.3 1 1
github.com/swarm-editor/swarm-editor/internal/api/handler.go:243.2,243.45 1 1
github.com/swarm-editor/swarm-editor/internal/api/handler.go:243.45,245.36 2 1
github.com/swarm-editor/swarm-editor/internal/api/handler.go:245.36,247.26 2 0
github.com/swarm-editor/swarm-editor/internal/api/handler.go:247.26,249.5 1 0
github.com/swarm-editor/swarm-editor/internal/api/handler.go:250.4,255.6 1 0
github.com/swarm-editor/swarm-editor/internal/api/handler.go:259.2,259.20 1 1
github.com/swarm-editor/swarm-editor/internal/api/handler.go:262.99,266.53 2 1
github.com/swarm-editor/swarm-editor/internal/api/handler.go:266.53,268.3 1 1
github.com/swarm-editor/swarm-editor/internal/api/handler.go:270.2,271.18 2 1
github.com/swarm-editor/swarm-editor/internal/api/handler.go:271.18,273.3 1 1
github.com/swarm-editor/swarm-editor/internal/api/handler.go:275.2,276.21 2 1
github.com/swarm-editor/swarm-editor/internal/api/handler.go:276.21,278.3 1 1
github.com/swarm-editor/swarm-editor/internal/api/handler.go:280.2,281.9 2 1
github.com/swarm-editor/swarm-editor/internal/api/handler.go:281.9,283.3 1 1
github.com/swarm-editor/swarm-editor/internal/api/handler.go:285.2,290.8 1 1
github.com/swarm-editor/swarm-editor/internal/api/handler.go:293.101,297.53 2 1
github.com/swarm-editor/swarm-editor/internal/api/handler.go:297.53,299.3 1 1
github.com/swarm-editor/swarm-editor/internal/api/handler.go:301.2,302.18 2 1
github.com/swarm-editor/swarm-editor/internal/api/handler.go:302.18,304.3 1 1
github.com/swarm-editor/swarm-editor/internal/api/handler.go:306.2,307.21 2 1
github.com/swarm-editor/swarm-editor/internal/api/handler.go:307.21,309.3 1 1
github.com/swarm-editor/swarm-editor/internal/api/handler.go:311.2,312.9 2 1
github.com/swarm-editor/swarm-editor/internal/api/handler.go:312.9,314.3 1 1
github.com/swarm-editor/swarm-editor/internal/api/handler.go:316.2,317.52 2 1
github.com/swarm-editor/swarm-editor/internal/api/handler.go:320.100,324.53 2 1
github.com/swarm-editor/swarm-editor/internal/api/handler.go:324.53,326.3 1 1
github.com/swarm-editor/swarm-editor/internal/api/handler.go:328.2,329.18 2 1
github.com/swarm-editor/swarm-editor/internal/api/handler.go:329.18,331.3 1 1
github.com/swarm-editor/swarm-editor/internal/api/handler.go:333.2,334.21 2 1
github.com/swarm-editor/swarm-editor/internal/api/handler.go:334.21,336.3 1 1
github.com/swarm-editor/swarm-editor/internal/api/handler.go:338.2,339.9 2 1
github.com/swarm-editor/swarm-editor/internal/api/handler.go:339.9,341.3 1 1
github.com/swarm-editor/swarm-editor/internal/api/handler.go:343.2,344.52 2 1
github.com/swarm-editor/swarm-editor/internal/api/handler.go:347.104,350.2 1 1
github.com/swarm-editor/swarm-editor/internal/api/handler.go:354.104,359.53 2 1
github.com/swarm-editor/swarm-editor/internal/api/handler.go:359.53,361.3 1 1
github.com/swarm-editor/swarm-editor/internal/api/handler.go:363.2,363.42 1 1
github.com/swarm-editor/swarm-editor/internal/api/handler.go:363.42,365.3 1 1
github.com/swarm-editor/swarm-editor/internal/api/handler.go:368.2,368.33 1 1
github.com/swarm-editor/swarm-editor/internal/api/handler.go:368.33,370.3 1 1
github.com/swarm-editor/swarm-editor/internal/api/handler.go:371.2,372.9 2 1
github.com/swarm-editor/swarm-editor/internal/api/handler.go:372.9,374.3 1 1
github.com/swarm-editor/swarm-editor/internal/api/handler.go:377.2,378.18 2 0
github.com/swarm-editor/swarm-editor/internal/api/handler.go:379.18,380.26 1 0
github.com/swarm-editor/swarm-editor/internal/api/handler.go:381.25,382.25 1 0
github.com/swarm-editor/swarm-editor/internal/api/handler.go:383.29,384.27 1 0
github.com/swarm-editor/swarm-editor/internal/api/handler.go:385.21,386.28 1 0
github.com/swarm-editor/swarm-editor/internal/api/handler.go:387.24,388.25 1 0
github.com/swarm-editor/swarm-editor/internal/api/handler.go:389.15,390.23 1 0
github.com/swarm-editor/swarm-editor/internal/api/handler.go:391.10,392.25 1 0
github.com/swarm-editor/swarm-editor/internal/api/handler.go:396.2,397.16 2 0
github.com/swarm-editor/swarm-editor/internal/api/handler.go:397.16,399.3 1 0
github.com/swarm-editor/swarm-editor/internal/api/handler.go:402.2,403.36 2 0
github.com/swarm-editor/swarm-editor/internal/api/handler.go:403.36,405.3 1 0
github.com/swarm-editor/swarm-editor/internal/api/handler.go:406.2,406.49 1 0
github.com/swarm-editor/swarm-editor/internal/api/handler.go:406.49,409.3 2 0
github.com/swarm-editor/swarm-editor/internal/api/handler.go:410.2,419.8 3 0
github.com/swarm-editor/swarm-editor/internal/api/handler.go:422.102,427.53 2 1
github.com/swarm-editor/swarm-editor/internal/api/handler.go:427.53,429.3 1 1
github.com/swarm-editor/swarm-editor/internal/api/handler.go:431.2,431.44 1 1
github.com/swarm-editor/swarm-editor/internal/api/handler.go:431.44,433.3 1 1
github.com/swarm-editor/swarm-editor/internal/api/handler.go:434.2,434.33 1 1
github.com/swarm-editor/swarm-editor/internal/api/handler.go:434.33,436.3 1 1
github.com/swarm-editor/swarm-editor/internal/api/handler.go:439.2,443.9 4 1
github.com/swarm-editor/swarm-editor/internal/api/handler.go:443.9,445.3 1 1
github.com/swarm-editor/swarm-editor/internal/api/handler.go:448.2,448.33 1 1
github.com/swarm-editor/swarm-editor/internal/api/handler.go:448.33,450.3 1 1
github.com/swarm-editor/swarm-editor/internal/api/handler.go:451.2,452.9 2 1
github.com/swarm-editor/swarm-editor/internal/api/handler.go:452.9,454.3 1 1
github.com/swarm-editor/swarm-editor/internal/api/handler.go:457.2,463.16 3 0
github.com/swarm-editor/swarm-editor/internal/api/handler.go:463.16,465.3 1 0
github.com/swarm-editor/swarm-editor/internal/api/handler.go:467.2,470.8 1 0
github.com/swarm-editor/swarm-editor/internal/api/handler.go:473.103,477.53 2 1
github.com/swarm-editor/swarm-editor/internal/api/handler.go:477.53,479.3 1 1
github.com/swarm-editor/swarm-editor/internal/api/handler.go:482.2,483.25 2 1
github.com/swarm-editor/swarm-editor/internal/api/handler.go:483.25,485.3 1 1
github.com/swarm-editor/swarm-editor/internal/api/handler.go:488.2,492.51 4 1
github.com/swarm-editor/swarm-editor/internal/api/handler.go:505.109,507.53 2 1
github.com/swarm-editor/swarm-editor/internal/api/handler.go:507.53,509.3 1 1
github.com/swarm-editor/swarm-editor/internal/api/handler.go:511.2,511.25 1 1
github.com/swarm-editor/swarm-editor/internal/api/handler.go:511.25,513.3 1 1
github.com/swarm-editor/swarm-editor/internal/api/handler.go:514.2,514.26 1 1
github.com/swarm-editor/swarm-editor/internal/api/handler.go:514.26,516.3 1 1
github.com/swarm-editor/swarm-editor/internal/api/handler.go:519.2,520.15 2 1
github.com/swarm-editor/swarm-editor/internal/api/handler.go:520.15,522.3 1 1
github.com/swarm-editor/swarm-editor/internal/api/handler.go:524.2,525.15 2 1
github.com/swarm-editor/swarm-editor/internal/api/handler.go:525.15,527.3 1 0
github.com/swarm-editor/swarm-editor/internal/api/handler.go:529.2,530.16 2 1
github.com/swarm-editor/swarm-editor/internal/api/handler.go:530.16,532.3 1 1
github.com/swarm-editor/swarm-editor/internal/api/handler.go:535.2,535.50 1 0
github.com/swarm-editor/swarm-editor/internal/api/handler.go:535.50,536.53 1 0
github.com/swarm-editor/swarm-editor/internal/api/handler.go:536.53,542.4 1 0
github.com/swarm-editor/swarm-editor/internal/api/handler.go:545.2,548.8 1 0
github.com/swarm-editor/swarm-editor/internal/api/handler.go:553.100,557.29 3 1
github.com/swarm-editor/swarm-editor/internal/api/handler.go:557.29,568.3 2 1
github.com/swarm-editor/swarm-editor/internal/api/handler.go:570.2,570.20 1 1
github.com/swarm-editor/swarm-editor/internal/api/handler.go:580.102,582.53 2 1
github.com/swarm-editor/swarm-editor/internal/api/handler.go:582.53,584.3 1 1
github.com/swarm-editor/swarm-editor/internal/api/handler.go:587.2,587.39 1 1
github.com/swarm-editor/swarm-editor/internal/api/handler.go:587.39,589.3 1 1
github.com/swarm-editor/swarm-editor/internal/api/handler.go:590.2,590.32 1 1
github.com/swarm-editor/swarm-editor/internal/api/handler.go:590.32,592.3 1 1
github.com/swarm-editor/swarm-editor/internal/api/handler.go:594.2,605.21 4 1
github.com/swarm-editor/swarm-editor/internal/api/handler.go:605.21,606.40 1 1
github.com/swarm-editor/swarm-editor/internal/api/handler.go:606.40,608.10 2 0
github.com/swarm-editor/swarm-editor/internal/api/handler.go:608.10,610.5 1 0
github.com/swarm-editor/swarm-editor/internal/api/handler.go:614.2,623.8 2 1
github.com/swarm-editor/swarm-editor/internal/api/handler.go:626.101,630.53 2 1
github.com/swarm-editor/swarm-editor/internal/api/handler.go:630.53,632.3 1 1
github.com/swarm-editor/swarm-editor/internal/api/handler.go:634.2,635.18 2 1
github.com/swarm-editor/swarm-editor/internal/api/handler.go:635.18,637.3 1 1
github.com/swarm-editor/swarm-editor/internal/api/handler.go:639.2,640.9 2 1
github.com/swarm-editor/swarm-editor/internal/api/handler.go:640.9,642.3 1 1
github.com/swarm-editor/swarm-editor/internal/api/handler.go:644.2,644.38 1 1
github.com/swarm-editor/swarm-editor/internal/api/handler.go:644.38,646.3 1 0
github.com/swarm-editor/swarm-editor/internal/api/handler.go:648.2,648.52 1 1
github.com/swarm-editor/swarm-editor/internal/api/handler.go:651.100,655.53 2 1
github.com/swarm-editor/swarm-editor/internal/api/handler.go:655.53,657.3 1 1
github.com/swarm-editor/swarm-editor/internal/api/handler.go:659.2,660.18 2 1
github.com/swarm-editor/swarm-editor/internal/api/handler.go:660.18,662.3 1 1
github.com/swarm-editor/swarm-editor/internal/api/handler.go:664.2,665.9 2 1
github.com/swarm-editor/swarm-editor/internal/api/handler.go:665.9,667.3 1 1
github.com/swarm-editor/swarm-editor/internal/api/handler.go:669.2,669.34 1 1
github.com/swarm-editor/swarm-editor/internal/api/handler.go:669.34,671.3 1 0
github.com/swarm-editor/swarm-editor/internal/api/handler.go:672.2,672.52 1 1
github.com/swarm-editor/swarm-editor/internal/api/handler.go:675.101,682.53 2 1
github.com/swarm-editor/swarm-editor/internal/api/handler.go:682.53,684.3 1 1
github.com/swarm-editor/swarm-editor/internal/api/handler.go:687.2,687.34 1 1
github.com/swarm-editor/swarm-editor/internal/api/handler.go:687.34,689.3 1 1
github.com/swarm-editor/swarm-editor/internal/api/handler.go:690.2,690.39 1 1
github.com/swarm-editor/swarm-editor/internal/api/handler.go:690.39,692.3 1 1
github.com/swarm-editor/swarm-editor/internal/api/handler.go:694.2,695.9 2 1
github.com/swarm-editor/swarm-editor/internal/api/handler.go:695.9,697.3 1 1
github.com/swarm-editor/swarm-editor/internal/api/handler.go:699.2,703.24 3 1
github.com/swarm-editor/swarm-editor/internal/api/handler.go:703.24,705.3 1 1
github.com/swarm-editor/swarm-editor/internal/api/handler.go:708.2,716.49 2 1
github.com/swarm-editor/swarm-editor/internal/api/handler.go:716.49,718.3 1 0
github.com/swarm-editor/swarm-editor/internal/api/handler.go:720.2,727.8 1 1
github.com/swarm-editor/swarm-editor/internal/api/handler.go:730.104,734.53 2 1
github.com/swarm-editor/swarm-editor/internal/api/handler.go:734.53,736.3 1 1
github.com/swarm-editor/swarm-editor/internal/api/handler.go:738.2,739.23 2 1
github.com/swarm-editor/swarm-editor/internal/api/handler.go:739.23,741.3 1 1
github.com/swarm-editor/swarm-editor/internal/api/handler.go:743.2,744.9 2 1
github.com/swarm-editor/swarm-editor/internal/api/handler.go:744.9,746.3 1 1
github.com/swarm-editor/swarm-editor/internal/api/handler.go:748.2,753.8 2 1
github.com/swarm-editor/swarm-editor/internal/api/handler.go:758.99,760.15 2 1
github.com/swarm-editor/swarm-editor/internal/api/handler.go:760.15,762.3 1 1
github.com/swarm-editor/swarm-editor/internal/api/handler.go:764.2,767.26 3 1
github.com/swarm-editor/swarm-editor/internal/api/handler.go:767.26,771.34 3 1
github.com/swarm-editor/swarm-editor/internal/api/handler.go:771.34,773.35 2 1
github.com/swarm-editor/swarm-editor/internal/api/handler.go:773.35,774.65 1 1
github.com/swarm-editor/swarm-editor/internal/api/handler.go:774.65,776.6 1 0
github.com/swarm-editor/swarm-editor/internal/api/handler.go:778.4,783.6 1 1
github.com/swarm-editor/swarm-editor/internal/api/handler.go:786.3,794.5 1 1
github.com/swarm-editor/swarm-editor/internal/api/handler.go:797.2,797.20 1 1
github.com/swarm-editor/swarm-editor/internal/api/handler.go:800.101,806.53 2 1
github.com/swarm-editor/swarm-editor/internal/api/handler.go:806.53,808.3 1 1
github.com/swarm-editor/swarm-editor/internal/api/handler.go:811.2,811.32 1 1
github.com/swarm-editor/swarm-editor/internal/api/handler.go:811.32,813.3 1 1
github.com/swarm-editor/swarm-editor/internal/api/handler.go:814.2,814.39 1 1
github.com/swarm-editor/swarm-editor/internal/api/handler.go:814.39,816.3 1 1
github.com/swarm-editor/swarm-editor/internal/api/handler.go:817.2,817.20 1 1
github.com/swarm-editor/swarm-editor/internal/api/handler.go:817.20,819.3 1 1
github.com/swarm-editor/swarm-editor/internal/api/handler.go:820.2,820.23 1 1
github.com/swarm-editor/swarm-editor/internal/api/handler.go:820.23,822.3 1 1
github.com/swarm-editor/swarm-editor/internal/api/handler.go:824.2,825.15 2 1
github.com/swarm-editor/swarm-editor/internal/api/handler.go:825.15,827.3 1 1
github.com/swarm-editor/swarm-editor/internal/api/handler.go:829.2,830.16 2 1
github.com/swarm-editor/swarm-editor/internal/api/handler.go:830.16,832.3 1 0
github.com/swarm-editor/swarm-editor/internal/api/handler.go:834.2,842.8 1 1
github.com/swarm-editor/swarm-editor/internal/api/handler.go:845.101,849.53 2 1
github.com/swarm-editor/swarm-editor/internal/api/handler.go:849.53,851.3 1 1
github.com/swarm-editor/swarm-editor/internal/api/handler.go:854.2,855.18 2 1
github.com/swarm-editor/swarm-editor/internal/api/handler.go:855.18,857.3 1 1
github.com/swarm-editor/swarm-editor/internal/api/handler.go:858.2,858.28 1 1
github.com/swarm-editor/swarm-editor/internal/api/handler.go:858.28,860.3 1 1
github.com/swarm-editor/swarm-editor/internal/api/handler.go:862.2,863.15 2 1
github.com/swarm-editor/swarm-editor/internal/api/handler.go:863.15,865.3 1 1
github.com/swarm-editor/swarm-editor/internal/api/handler.go:867.2,869.52 2 1
github.com/swarm-editor/swarm-editor/internal/api/handler.go:872.105,877.53 2 1
github.com/swarm-editor/swarm-editor/internal/api/handler.go:877.53,879.3 1 1
github.com/swarm-editor/swarm-editor/internal/api/handler.go:882.2,882.22 1 1
github.com/swarm-editor/swarm-editor/internal/api/handler.go:882.22,884.3 1 1
github.com/swarm-editor/swarm-editor/internal/api/handler.go:885.2,885.23 1 1
github.com/swarm-editor/swarm-editor/internal/api/handler.go:885.23,887.3 1 1
github.com/swarm-editor/swarm-editor/internal/api/handler.go:888.2,888.63 1 1
github.com/swarm-editor/swarm-editor/internal/api/handler.go:888.63,890.3 1 1
github.com/swarm-editor/swarm-editor/internal/api/handler.go:892.2,893.15 2 1
github.com/swarm-editor/swarm-editor/internal/api/handler.go:893.15,895.3 1 0
github.com/swarm-editor/swarm-editor/internal/api/handler.go:897.2,898.9 2 1
github.com/swarm-editor/swarm-editor/internal/api/handler.go:898.9,900.3 1 1
github.com/swarm-editor/swarm-editor/internal/api/handler.go:902.2,903.21 2 1
github.com/swarm-editor/swarm-editor/internal/api/handler.go:903.21,905.3 1 0
github.com/swarm-editor/swarm-editor/internal/api/handler.go:907.2,908.9 2 1
github.com/swarm-editor/swarm-editor/internal/api/handler.go:908.9,910.3 1 1
github.com/swarm-editor/swarm-editor/internal/api/handler.go:912.2,912.39 1 1
github.com/swarm-editor/swarm-editor/internal/api/handler.go:912.39,914.3 1 0
github.com/swarm-editor/swarm-editor/internal/api/handler.go:916.2,916.50 1 1
github.com/swarm-editor/swarm-editor/internal/api/handler.go:919.110,924.53 2 1
github.com/swarm-editor/swarm-editor/internal/api/handler.go:924.53,926.3 1 1
github.com/swarm-editor/swarm-editor/internal/api/handler.go:929.2,929.22 1 1
github.com/swarm-editor/swarm-editor/internal/api/handler.go:929.22,931.3 1 1
github.com/swarm-editor/swarm-editor/internal/api/handler.go:932.2,932.23 1 1
github.com/swarm-editor/swarm-editor/internal/api/handler.go:932.23,934.3 1 1
github.com/swarm-editor/swarm-editor/internal/api/handler.go:935.2,935.63 1 1
github.com/swarm-editor/swarm-editor/internal/api/handler.go:935.63,937.3 1 1
github.com/swarm-editor/swarm-editor/internal/api/handler.go:939.2,940.15 2 1
github.com/swarm-editor/swarm-editor/internal/api/handler.go:940.15,942.3 1 0
github.com/swarm-editor/swarm-editor/internal/api/handler.go:944.2,945.9 2 1
github.com/swarm-editor/swarm-editor/internal/api/handler.go:945.9,947.3 1 1
github.com/swarm-editor/swarm-editor/internal/api/handler.go:949.2,951.52 2 1
github.com/swarm-editor/swarm-editor/internal/api/handler.go:956.104,960.26 3 1
github.com/swarm-editor/swarm-editor/internal/api/handler.go:960.26,966.3 1 0
github.com/swarm-editor/swarm-editor/internal/api/handler.go:968.2,968.20 1 1
github.com/swarm-editor/swarm-editor/internal/api/handler.go:971.105,975.53 2 1
github.com/swarm-editor/swarm-editor/internal/api/handler.go:975.53,977.3 1 1
github.com/swarm-editor/swarm-editor/internal/api/handler.go:979.2,979.43 1 1
github.com/swarm-editor/swarm-editor/internal/api/handler.go:979.43,981.3 1 1
github.com/swarm-editor/swarm-editor/internal/api/handler.go:984.2,985.9 2 1
github.com/swarm-editor/swarm-editor/internal/api/handler.go:985.9,987.3 1 1
github.com/swarm-editor/swarm-editor/internal/api/handler.go:990.2,990.44 1 0
github.com/swarm-editor/swarm-editor/internal/api/handler.go:990.44,992.3 1 0
github.com/swarm-editor/swarm-editor/internal/api/handler.go:994.2,997.8 1 0
github.com/swarm-editor/swarm-editor/internal/api/handler.go:1000.104,1004.53 2 1
github.com/swarm-editor/swarm-editor/internal/api/handler.go:1004.53,1006.3 1 1
github.com/swarm-editor/swarm-editor/internal/api/handler.go:1008.2,1008.43 1 1
github.com/swarm-editor/swarm-editor/internal/api/handler.go:1008.43,1010.3 1 1
github.com/swarm-editor/swarm-editor/internal/api/handler.go:1012.2,1013.9 2 1
github.com/swarm-editor/swarm-editor/internal/api/handler.go:1013.9,1015.3 1 1
github.com/swarm-editor/swarm-editor/internal/api/handler.go:1017.2,1017.44 1 0
github.com/swarm-editor/swarm-editor/internal/api/handler.go:1017.44,1019.3 1 0
github.com/swarm-editor/swarm-editor/internal/api/handler.go:1021.2,1024.8 1 0
github.com/swarm-editor/swarm-editor/internal/api/handler.go:1027.102,1033.53 2 1
github.com/swarm-editor/swarm-editor/internal/api/handler.go:1033.53,1035.3 1 1
github.com/swarm-editor/swarm-editor/internal/api/handler.go:1037.2,1037.43 1 1
github.com/swarm-editor/swarm-editor/internal/api/handler.go:1037.43,1039.3 1 1
github.com/swarm-editor/swarm-editor/internal/api/handler.go:1040.2,1040.43 1 1
github.com/swarm-editor/swarm-editor/internal/api/handler.go:1040.43,1042.3 1 1
github.com/swarm-editor/swarm-editor/internal/api/handler.go:1043.2,1043.29 1 1
github.com/swarm-editor/swarm-editor/internal/api/handler.go:1043.29,1045.3 1 0
github.com/swarm-editor/swarm-editor/internal/api/handler.go:1047.2,1048.9 2 1
github.com/swarm-editor/swarm-editor/internal/api/handler.go:1048.9,1050.3 1 1
github.com/swarm-editor/swarm-editor/internal/api/handler.go:1052.2,1053.16 2 0
github.com/swarm-editor/swarm-editor/internal/api/handler.go:1053.16,1055.3 1 0
github.com/swarm-editor/swarm-editor/internal/api/handler.go:1057.2,1057.20 1 0
github.com/swarm-editor/swarm-editor/internal/api/handler.go:1062.109,1064.21 2 1
github.com/swarm-editor/swarm-editor/internal/api/handler.go:1064.21,1066.3 1 1
github.com/swarm-editor/swarm-editor/internal/api/handler.go:1068.2,1073.27 3 1
github.com/swarm-editor/swarm-editor/internal/api/handler.go:1073.27,1074.23 1 1
github.com/swarm-editor/swarm-editor/internal/api/handler.go:1075.24,1076.25 1 1
github.com/swarm-editor/swarm-editor/internal/api/handler.go:1077.50,1079.22 2 1
github.com/swarm-editor/swarm-editor/internal/api/handler.go:1080.25,1081.27 1 1
github.com/swarm-editor/swarm-editor/internal/api/handler.go:1082.11,1083.26 1 0
github.com/swarm-editor/swarm-editor/internal/api/handler.go:1087.2,1087.19 1 1
github.com/swarm-editor/swarm-editor/internal/api/handler.go:1090.107,1092.52 1 1
github.com/swarm-editor/swarm-editor/internal/api/handler.go:1092.52,1094.3 1 0
github.com/swarm-editor/swarm-editor/internal/api/handler.go:1097.2,1104.28 5 1
github.com/swarm-editor/swarm-editor/internal/api/handler.go:1104.28,1109.3 4 1
github.com/swarm-editor/swarm-editor/internal/api/handler.go:1112.2,1113.21 2 1
github.com/swarm-editor/swarm-editor/internal/api/handler.go:1113.21,1115.3 1 1
github.com/swarm-editor/swarm-editor/internal/api/handler.go:1117.2,1132.34 3 1
github.com/swarm-editor/swarm-editor/internal/api/handler.go:1132.34,1146.37 3 1
github.com/swarm-editor/swarm-editor/internal/api/handler.go:1146.37,1166.4 3 1
github.com/swarm-editor/swarm-editor/internal/api/handler.go:1169.2,1169.18 1 1
github.com/swarm-editor/swarm-editor/internal/api/handler.go:1174.98,1178.53 2 1
github.com/swarm-editor/swarm-editor/internal/api/handler.go:1178.53,1180.3 1 0
github.com/swarm-editor/swarm-editor/internal/api/handler.go:1183.2,1184.37 2 1
github.com/swarm-editor/swarm-editor/internal/api/handler.go:1184.37,1186.3 1 1
github.com/swarm-editor/swarm-editor/internal/api/handler.go:1189.2,1189.34 1 1
github.com/swarm-editor/swarm-editor/internal/api/handler.go:1189.34,1191.3 1 1
github.com/swarm-editor/swarm-editor/internal/api/handler.go:1194.2,1198.16 3 1
github.com/swarm-editor/swarm-editor/internal/api/handler.go:1198.16,1200.3 1 1
github.com/swarm-editor/swarm-editor/internal/api/handler.go:1201.2,1202.16 2 1
github.com/swarm-editor/swarm-editor/internal/api/handler.go:1202.16,1204.3 1 0
github.com/swarm-editor/swarm-editor/internal/api/handler.go:1205.2,1205.101 1 1
github.com/swarm-editor/swarm-editor/internal/api/handler.go:1205.101,1207.3 1 1
github.com/swarm-editor/swarm-editor/internal/api/handler.go:1210.2,1211.16 2 1
github.com/swarm-editor/swarm-editor/internal/api/handler.go:1211.16,1213.3 1 0
github.com/swarm-editor/swarm-editor/internal/api/handler.go:1216.2,1217.32 2 1
github.com/swarm-editor/swarm-editor/internal/api/handler.go:1217.32,1225.3 2 1
github.com/swarm-editor/swarm-editor/internal/api/handler.go:1227.2,1227.20 1 1
github.com/swarm-editor/swarm-editor/internal/api/handler.go:1230.99,1234.53 2 1
github.com/swarm-editor/swarm-editor/internal/api/handler.go:1234.53,1236.3 1 1
github.com/swarm-editor/swarm-editor/internal/api/handler.go:1239.2,1239.20 1 1
github.com/swarm-editor/swarm-editor/internal/api/handler.go:1239.20,1241.3 1 1
github.com/swarm-editor/swarm-editor/internal/api/handler.go:1243.2,1246.34 2 1
github.com/swarm-editor/swarm-editor/internal/api/handler.go:1246.34,1248.3 1 1
github.com/swarm-editor/swarm-editor/internal/api/handler.go:1250.2,1254.16 3 1
github.com/swarm-editor/swarm-editor/internal/api/handler.go:1254.16,1256.3 1 1
github.com/swarm-editor/swarm-editor/internal/api/handler.go:1257.2,1258.16 2 1
github.com/swarm-editor/swarm-editor/internal/api/handler.go:1258.16,1260.3 1 0
github.com/swarm-editor/swarm-editor/internal/api/handler.go:1261.2,1261.101 1 1
github.com/swarm-editor/swarm-editor/internal/api/handler.go:1261.101,1263.3 1 0
github.com/swarm-editor/swarm-editor/internal/api/handler.go:1266.2,1267.16 2 1
github.com/swarm-editor/swarm-editor/internal/api/handler.go:1267.16,1269.3 1 0
github.com/swarm-editor/swarm-editor/internal/api/handler.go:1271.2,1271.18 1 1
github.com/swarm-editor/swarm-editor/internal/api/handler.go:1271.18,1273.3 1 1
github.com/swarm-editor/swarm-editor/internal/api/handler.go:1276.2,1277.31 2 1
github.com/swarm-editor/swarm-editor/internal/api/handler.go:1277.31,1279.3 1 1
github.com/swarm-editor/swarm-editor/internal/api/handler.go:1282.2,1283.16 2 1
github.com/swarm-editor/swarm-editor/internal/api/handler.go:1283.16,1285.3 1 0
github.com/swarm-editor/swarm-editor/internal/api/handler.go:1287.2,1287.59 1 1
github.com/swarm-editor/swarm-editor/internal/api/handler.go:1290.100,1295.53 2 1
github.com/swarm-editor/swarm-editor/internal/api/handler.go:1295.53,1297.3 1 0
github.com/swarm-editor/swarm-editor/internal/api/handler.go:1300.2,1300.20 1 1
github.com/swarm-editor/swarm-editor/internal/api/handler.go:1300.20,1302.3 1 1
github.com/swarm-editor/swarm-editor/internal/api/handler.go:1304.2,1307.34 2 1
github.com/swarm-editor/swarm-editor/internal/api/handler.go:1307.34,1309.3 1 1
github.com/swarm-editor/swarm-editor/internal/api/handler.go:1311.2,1316.16 3 1
github.com/swarm-editor/swarm-editor/internal/api/handler.go:1316.16,1318.3 1 0
github.com/swarm-editor/swarm-editor/internal/api/handler.go:1320.2,1322.16 3 1
github.com/swarm-editor/swarm-editor/internal/api/handler.go:1322.16,1326.17 2 1
github.com/swarm-editor/swarm-editor/internal/api/handler.go:1326.17,1328.4 1 0
github.com/swarm-editor/swarm-editor/internal/api/handler.go:1331.3,1332.53 2 1
github.com/swarm-editor/swarm-editor/internal/api/handler.go:1332.53,1334.4 1 1
github.com/swarm-editor/swarm-editor/internal/api/handler.go:1336.2,1336.105 1 1
github.com/swarm-editor/swarm-editor/internal/api/handler.go:1336.105,1338.3 1 0
github.com/swarm-editor/swarm-editor/internal/api/handler.go:1341.2,1342.37 2 1
github.com/swarm-editor/swarm-editor/internal/api/handler.go:1342.37,1344.3 1 1
github.com/swarm-editor/swarm-editor/internal/api/handler.go:1347.2,1347.53 1 1
github.com/swarm-editor/swarm-editor/internal/api/handler.go:1347.53,1349.3 1 0
github.com/swarm-editor/swarm-editor/internal/api/handler.go:1353.2,1355.16 3 1
github.com/swarm-editor/swarm-editor/internal/api/handler.go:1355.16,1357.3 1 0
github.com/swarm-editor/swarm-editor/internal/api/handler.go:1358.2,1359.62 2 1
github.com/swarm-editor/swarm-editor/internal/api/handler.go:1359.62,1363.3 3 0
github.com/swarm-editor/swarm-editor/internal/api/handler.go:1364.2,1364.40 1 1
github.com/swarm-editor/swarm-editor/internal/api/handler.go:1364.40,1367.3 2 0
github.com/swarm-editor/swarm-editor/internal/api/handler.go:1369.2,1369.52 1 1
github.com/swarm-editor/swarm-editor/internal/api/handler.go:1369.52,1372.3 2 0
github.com/swarm-editor/swarm-editor/internal/api/handler.go:1374.2,1374.52 1 1
github.com/swarm-editor/swarm-editor/internal/api/handler.go:1379.99,1383.53 2 1
github.com/swarm-editor/swarm-editor/internal/api/handler.go:1383.53,1385.3 1 1
github.com/swarm-editor/swarm-editor/internal/api/handler.go:1388.2,1388.44 1 1
github.com/swarm-editor/swarm-editor/internal/api/handler.go:1388.44,1390.3 1 1
github.com/swarm-editor/swarm-editor/internal/api/handler.go:1391.2,1391.46 1 1
github.com/swarm-editor/swarm-editor/internal/api/handler.go:1391.46,1393.3 1 1
github.com/swarm-editor/swarm-editor/internal/api/handler.go:1394.2,1394.35 1 1
github.com/swarm-editor/swarm-editor/internal/api/handler.go:1394.35,1396.3 1 1
github.com/swarm-editor/swarm-editor/internal/api/handler.go:1397.2,1397.39 1 1
github.com/swarm-editor/swarm-editor/internal/api/handler.go:1397.39,1399.3 1 1
github.com/swarm-editor/swarm-editor/internal/api/handler.go:1402.2,1406.16 4 1
github.com/swarm-editor/swarm-editor/internal/api/handler.go:1406.16,1408.3 1 0
github.com/swarm-editor/swarm-editor/internal/api/handler.go:1410.2,1410.50 1 1
github.com/swarm-editor/swarm-editor/internal/api/handler.go:1410.50,1412.3 1 0
github.com/swarm-editor/swarm-editor/internal/api/handler.go:1414.2,1415.45 2 1
github.com/swarm-editor/swarm-editor/internal/api/handler.go:1415.45,1417.3 1 0
github.com/swarm-editor/swarm-editor/internal/api/handler.go:1419.2,1428.8 1 1
github.com/swarm-editor/swarm-editor/internal/api/handler.go:1431.102,1435.53 2 1
github.com/swarm-editor/swarm-editor/internal/api/handler.go:1435.53,1437.3 1 1
github.com/swarm-editor/swarm-editor/internal/api/handler.go:1439.2,1439.44 1 1
github.com/swarm-editor/swarm-editor/internal/api/handler.go:1439.44,1441.3 1 1
github.com/swarm-editor/swarm-editor/internal/api/handler.go:1444.2,1448.16 4 1
github.com/swarm-editor/swarm-editor/internal/api/handler.go:1448.16,1450.3 1 0
github.com/swarm-editor/swarm-editor/internal/api/handler.go:1452.2,1452.53 1 1
github.com/swarm-editor/swarm-editor/internal/api/handler.go:1452.53,1454.3 1 1
github.com/swarm-editor/swarm-editor/internal/api/handler.go:1456.2,1457.45 2 1
github.com/swarm-editor/swarm-editor/internal/api/handler.go:1457.45,1459.3 1 0
github.com/swarm-editor/swarm-editor/internal/api/handler.go:1461.2,1470.8 1 1
github.com/swarm-editor/swarm-editor/internal/api/handler.go:1473.102,1477.53 2 1
github.com/swarm-editor/swarm-editor/internal/api/handler.go:1477.53,1479.3 1 1
github.com/swarm-editor/swarm-editor/internal/api/handler.go:1481.2,1482.18 2 1
github.com/swarm-editor/swarm-editor/internal/api/handler.go:1482.18,1484.3 1 1
github.com/swarm-editor/swarm-editor/internal/api/handler.go:1487.2,1491.16 4 1
github.com/swarm-editor/swarm-editor/internal/api/handler.go:1491.16,1493.3 1 0
github.com/swarm-editor/swarm-editor/internal/api/handler.go:1495.2,1495.48 1 1
github.com/swarm-editor/swarm-editor/internal/api/handler.go:1495.48,1497.3 1 1
github.com/swarm-editor/swarm-editor/internal/api/handler.go:1499.2,1500.45 2 1
github.com/swarm-editor/swarm-editor/internal/api/handler.go:1500.45,1502.3 1 0
github.com/swarm-editor/swarm-editor/internal/api/handler.go:1504.2,1504.66 1 1
github.com/swarm-editor/swarm-editor/internal/api/handler.go:1507.104,1509.2 1 1
github.com/swarm-editor/swarm-editor/internal/api/handler.go:1513.99,1517.53 2 1
github.com/swarm-editor/swarm-editor/internal/api/handler.go:1517.53,1519.3 1 1
github.com/swarm-editor/swarm-editor/internal/api/handler.go:1521.2,1522.18 2 1
github.com/swarm-editor/swarm-editor/internal/api/handler.go:1522.18,1524.3 1 1
github.com/swarm-editor/swarm-editor/internal/api/handler.go:1526.2,1528.9 3 1
github.com/swarm-editor/swarm-editor/internal/api/handler.go:1528.9,1530.3 1 1
github.com/swarm-editor/swarm-editor/internal/api/handler.go:1532.2,1542.8 2 1
github.com/swarm-editor/swarm-editor/internal/api/handler.go:1545.102,1549.53 2 1
github.com/swarm-editor/swarm-editor/internal/api/handler.go:1549.53,1551.3 1 1
github.com/swarm-editor/swarm-editor/internal/api/handler.go:1553.2,1554.18 2 1
github.com/swarm-editor/swarm-editor/internal/api/handler.go:1554.18,1556.3 1 1
github.com/swarm-editor/swarm-editor/internal/api/handler.go:1559.2,1559.45 1 1
github.com/swarm-editor/swarm-editor/internal/api/handler.go:1559.45,1561.3 1 1
github.com/swarm-editor/swarm-editor/internal/api/handler.go:1562.2,1564.66 2 1
github.com/swarm-editor/swarm-editor/internal/api/handler.go:1567.102,1572.53 2 1
github.com/swarm-editor/swarm-editor/internal/api/handler.go:1572.53,1574.3 1 1
github.com/swarm-editor/swarm-editor/internal/api/handler.go:1576.2,1576.42 1 1
github.com/swarm-editor/swarm-editor/internal/api/handler.go:1576.42,1578.3 1 1
github.com/swarm-editor/swarm-editor/internal/api/handler.go:1579.2,1579.41 1 1
github.com/swarm-editor/swarm-editor/internal/api/handler.go:1579.41,1581.3 1 1
github.com/swarm-editor/swarm-editor/internal/api/handler.go:1583.2,1585.9 3 1
github.com/swarm-editor/swarm-editor/internal/api/handler.go:1585.9,1587.3 1 1
github.com/swarm-editor/swarm-editor/internal/api/handler.go:1589.2,1590.17 2 1
github.com/swarm-editor/swarm-editor/internal/api/handler.go:1590.17,1592.3 1 1
github.com/swarm-editor/swarm-editor/internal/api/handler.go:1594.2,1595.16 2 0
github.com/swarm-editor/swarm-editor/internal/api/handler.go:1595.16,1597.3 1 0
github.com/swarm-editor/swarm-editor/internal/api/handler.go:1599.2,1611.8 1 0
github.com/swarm-editor/swarm-editor/internal/api/handler.go:1616.103,1625.53 2 1
github.com/swarm-editor/swarm-editor/internal/api/handler.go:1625.53,1627.3 1 1
github.com/swarm-editor/swarm-editor/internal/api/handler.go:1629.2,1629.46 1 1
github.com/swarm-editor/swarm-editor/internal/api/handler.go:1629.46,1631.3 1 1
github.com/swarm-editor/swarm-editor/internal/api/handler.go:1632.2,1632.49 1 1
github.com/swarm-editor/swarm-editor/internal/api/handler.go:1632.49,1634.3 1 1
github.com/swarm-editor/swarm-editor/internal/api/handler.go:1637.2,1641.16 4 1
github.com/swarm-editor/swarm-editor/internal/api/handler.go:1641.16,1643.3 1 0
github.com/swarm-editor/swarm-editor/internal/api/handler.go:1645.2,1655.45 4 1
github.com/swarm-editor/swarm-editor/internal/api/handler.go:1655.45,1657.3 1 0
github.com/swarm-editor/swarm-editor/internal/api/handler.go:1659.2,1664.8 1 1
github.com/swarm-editor/swarm-editor/internal/api/handler.go:1667.106,1671.53 2 1
github.com/swarm-editor/swarm-editor/internal/api/handler.go:1671.53,1673.3 1 1
github.com/swarm-editor/swarm-editor/internal/api/handler.go:1675.2,1675.43 1 1
github.com/swarm-editor/swarm-editor/internal/api/handler.go:1675.43,1677.3 1 1
github.com/swarm-editor/swarm-editor/internal/api/handler.go:1680.2,1684.16 4 1
github.com/swarm-editor/swarm-editor/internal/api/handler.go:1684.16,1686.3 1 0
github.com/swarm-editor/swarm-editor/internal/api/handler.go:1689.2,1691.28 3 1
github.com/swarm-editor/swarm-editor/internal/api/handler.go:1691.28,1692.29 1 1
github.com/swarm-editor/swarm-editor/internal/api/handler.go:1692.29,1695.9 3 1
github.com/swarm-editor/swarm-editor/internal/api/handler.go:1698.2,1698.12 1 1
github.com/swarm-editor/swarm-editor/internal/api/handler.go:1698.12,1700.3 1 1
github.com/swarm-editor/swarm-editor/internal/api/handler.go:1702.2,1703.45 2 1
github.com/swarm-editor/swarm-editor/internal/api/handler.go:1703.45,1705.3 1 0
github.com/swarm-editor/swarm-editor/internal/api/handler.go:1707.2,1707.72 1 1
github.com/swarm-editor/swarm-editor/internal/api/handler.go:1712.104,1714.17 2 1
github.com/swarm-editor/swarm-editor/internal/api/handler.go:1714.17,1716.3 1 1
github.com/swarm-editor/swarm-editor/internal/api/handler.go:1718.2,1720.30 3 1
github.com/swarm-editor/swarm-editor/internal/api/handler.go:1720.30,1722.3 1 0
github.com/swarm-editor/swarm-editor/internal/api/handler.go:1723.2,1723.20 1 1
github.com/swarm-editor/swarm-editor/internal/api/handler.go:1726.102,1730.53 2 1
github.com/swarm-editor/swarm-editor/internal/api/handler.go:1730.53,1732.3 1 1
github.com/swarm-editor/swarm-editor/internal/api/handler.go:1734.2,1735.18 2 1
github.com/swarm-editor/swarm-editor/internal/api/handler.go:1735.18,1737.3 1 1
github.com/swarm-editor/swarm-editor/internal/api/handler.go:1739.2,1740.17 2 1
github.com/swarm-editor/swarm-editor/internal/api/handler.go:1740.17,1742.3 1 1
github.com/swarm-editor/swarm-editor/internal/api/handler.go:1744.2,1745.14 2 1
github.com/swarm-editor/swarm-editor/internal/api/handler.go:1745.14,1747.3 1 1
github.com/swarm-editor/swarm-editor/internal/api/handler.go:1749.2,1749.30 1 1
github.com/swarm-editor/swarm-editor/internal/api/handler.go:1752.105,1758.53 2 1
github.com/swarm-editor/swarm-editor/internal/api/handler.go:1758.53,1760.3 1 1
github.com/swarm-editor/swarm-editor/internal/api/handler.go:1762.2,1762.39 1 1
github.com/swarm-editor/swarm-editor/internal/api/handler.go:1762.39,1764.3 1 1
github.com/swarm-editor/swarm-editor/internal/api/handler.go:1765.2,1765.32 1 1
github.com/swarm-editor/swarm-editor/internal/api/handler.go:1765.32,1767.3 1 1
github.com/swarm-editor/swarm-editor/internal/api/handler.go:1769.2,1770.17 2 1
github.com/swarm-editor/swarm-editor/internal/api/handler.go:1770.17,1772.3 1 1
github.com/swarm-editor/swarm-editor/internal/api/handler.go:1775.2,1776.20 2 1
github.com/swarm-editor/swarm-editor/internal/api/handler.go:1776.20,1778.3 1 1
github.com/swarm-editor/swarm-editor/internal/api/handler.go:1780.2,1787.8 3 1
github.com/swarm-editor/swarm-editor/internal/api/handler.go:1790.105,1795.53 2 1
github.com/swarm-editor/swarm-editor/internal/api/handler.go:1795.53,1797.3 1 1
github.com/swarm-editor/swarm-editor/internal/api/handler.go:1799.2,1800.18 2 1
github.com/swarm-editor/swarm-editor/internal/api/handler.go:1800.18,1802.3 1 1
github.com/swarm-editor/swarm-editor/internal/api/handler.go:1804.2,1805.17 2 1
github.com/swarm-editor/swarm-editor/internal/api/handler.go:1805.17,1807.3 1 1
github.com/swarm-editor/swarm-editor/internal/api/handler.go:1809.2,1810.14 2 1
github.com/swarm-editor/swarm-editor/internal/api/handler.go:1810.14,1812.3 1 1
github.com/swarm-editor/swarm-editor/internal/api/handler.go:1815.2,1815.25 1 1
github.com/swarm-editor/swarm-editor/internal/api/handler.go:1815.25,1816.69 1 1
github.com/swarm-editor/swarm-editor/internal/api/handler.go:1816.69,1818.4 1 1
github.com/swarm-editor/swarm-editor/internal/api/handler.go:1819.3,1819.62 1 1
github.com/swarm-editor/swarm-editor/internal/api/handler.go:1819.62,1821.4 1 1
github.com/swarm-editor/swarm-editor/internal/api/handler.go:1824.2,1824.30 1 1
github.com/swarm-editor/swarm-editor/internal/api/handler.go:1827.105,1831.53 2 1
github.com/swarm-editor/swarm-editor/internal/api/handler.go:1831.53,1833.3 1 1
github.com/swarm-editor/swarm-editor/internal/api/handler.go:1835.2,1836.18 2 1
github.com/swarm-editor/swarm-editor/internal/api/handler.go:1836.18,1838.3 1 1
github.com/swarm-editor/swarm-editor/internal/api/handler.go:1840.2,1841.17 2 1
github.com/swarm-editor/swarm-editor/internal/api/handler.go:1841.17,1843.3 1 1
github.com/swarm-editor/swarm-editor/internal/api/handler.go:1845.2,1846.14 2 1
github.com/swarm-editor/swarm-editor/internal/api/handler.go:1846.14,1848.3 1 1
github.com/swarm-editor/swarm-editor/internal/api/handler.go:1850.2,1851.66 2 1
github.com/swarm-editor/swarm-editor/internal/api/handler.go:1854.106,1858.53 2 1
github.com/swarm-editor/swarm-editor/internal/api/handler.go:1858.53,1860.3 1 1
github.com/swarm-editor/swarm-editor/internal/api/handler.go:1862.2,1863.18 2 1
github.com/swarm-editor/swarm-editor/internal/api/handler.go:1863.18,1865.3 1 1
github.com/swarm-editor/swarm-editor/internal/api/handler.go:1867.2,1868.17 2 1
github.com/swarm-editor/swarm-editor/internal/api/handler.go:1868.17,1870.3 1 1
github.com/swarm-editor/swarm-editor/internal/api/handler.go:1872.2,1872.50 1 1
github.com/swarm-editor/swarm-editor/internal/api/handler.go:1872.50,1874.3 1 1
github.com/swarm-editor/swarm-editor/internal/api/handler.go:1876.2,1876.68 1 0
github.com/swarm-editor/swarm-editor/internal/api/handler.go:1879.113,1883.53 2 1
github.com/swarm-editor/swarm-editor/internal/api/handler.go:1883.53,1885.3 1 1
github.com/swarm-editor/swarm-editor/internal/api/handler.go:1887.2,1888.18 2 1
github.com/swarm-editor/swarm-editor/internal/api/handler.go:1888.18,1890.3 1 1
github.com/swarm-editor/swarm-editor/internal/api/handler.go:1892.2,1893.17 2 1
github.com/swarm-editor/swarm-editor/internal/api/handler.go:1893.17,1895.3 1 1
github.com/swarm-editor/swarm-editor/internal/api/handler.go:1897.2,1899.33 3 1
github.com/swarm-editor/swarm-editor/internal/api/handler.go:1899.33,1907.3 1 0
github.com/swarm-editor/swarm-editor/internal/api/handler.go:1908.2,1908.20 1 1
github.com/swarm-editor/swarm-editor/internal/api/handler.go:1911.106,1916.53 2 1
github.com/swarm-editor/swarm-editor/internal/api/handler.go:1916.53,1918.3 1 1
github.com/swarm-editor/swarm-editor/internal/api/handler.go:1920.2,1921.18 2 1
github.com/swarm-editor/swarm-editor/internal/api/handler.go:1921.18,1923.3 1 1
github.com/swarm-editor/swarm-editor/internal/api/handler.go:1924.2,1924.47 1 1
github.com/swarm-editor/swarm-editor/internal/api/handler.go:1924.47,1926.3 1 1
github.com/swarm-editor/swarm-editor/internal/api/handler.go:1928.2,1929.17 2 1
github.com/swarm-editor/swarm-editor/internal/api/handler.go:1929.17,1931.3 1 1
github.com/swarm-editor/swarm-editor/internal/api/handler.go:1933.2,1934.16 2 1
github.com/swarm-editor/swarm-editor/internal/api/handler.go:1934.16,1936.3 1 1
github.com/swarm-editor/swarm-editor/internal/api/handler.go:1940.2,1940.20 1 0
github.com/swarm-editor/swarm-editor/internal/api/handler.go:1940.20,1942.3 1 0
github.com/swarm-editor/swarm-editor/internal/api/handler.go:1944.2,1944.30 1 0
github.com/swarm-editor/swarm-editor/internal/api/handler.go:1947.108,1951.53 2 1
github.com/swarm-editor/swarm-editor/internal/api/handler.go:1951.53,1953.3 1 1
github.com/swarm-editor/swarm-editor/internal/api/handler.go:1955.2,1956.18 2 1
github.com/swarm-editor/swarm-editor/internal/api/handler.go:1956.18,1958.3 1 1
github.com/swarm-editor/swarm-editor/internal/api/handler.go:1960.2,1961.17 2 1
github.com/swarm-editor/swarm-editor/internal/api/handler.go:1961.17,1963.3 1 1
github.com/swarm-editor/swarm-editor/internal/api/handler.go:1965.2,1966.19 2 1
github.com/swarm-editor/swarm-editor/internal/api/handler.go:1966.19,1968.3 1 1
github.com/swarm-editor/swarm-editor/internal/api/handler.go:1970.2,1970.20 1 0
github.com/swarm-editor/swarm-editor/internal/api/handler.go:1973.105,1977.53 2 1
github.com/swarm-editor/swarm-editor/internal/api/handler.go:1977.53,1979.3 1 1
github.com/swarm-editor/swarm-editor/internal/api/handler.go:1981.2,1981.41 1 1
github.com/swarm-editor/swarm-editor/internal/api/handler.go:1981.41,1983.3 1 1
github.com/swarm-editor/swarm-editor/internal/api/handler.go:1985.2,1986.17 2 1
github.com/swarm-editor/swarm-editor/internal/api/handler.go:1986.17,1988.3 1 1
github.com/swarm-editor/swarm-editor/internal/api/handler.go:1990.2,1991.47 2 1
github.com/swarm-editor/swarm-editor/internal/api/handler.go:1994.105,1996.17 2 1
github.com/swarm-editor/swarm-editor/internal/api/handler.go:1996.17,1998.3 1 1
github.com/swarm-editor/swarm-editor/internal/api/handler.go:2000.2,2001.47 2 1
github.com/swarm-editor/swarm-editor/internal/api/handler.go:2006.106,2008.17 2 1
github.com/swarm-editor/swarm-editor/internal/api/handler.go:2008.17,2010.3 1 1
github.com/swarm-editor/swarm-editor/internal/api/handler.go:2011.2,2012.15 2 1
github.com/swarm-editor/swarm-editor/internal/api/handler.go:2012.15,2014.3 1 0
github.com/swarm-editor/swarm-editor/internal/api/handler.go:2016.2,2018.32 3 1
github.com/swarm-editor/swarm-editor/internal/api/handler.go:2018.32,2030.3 1 0
github.com/swarm-editor/swarm-editor/internal/api/handler.go:2031.2,2031.20 1 1
github.com/swarm-editor/swarm-editor/internal/api/handler.go:2034.104,2036.17 2 1
github.com/swarm-editor/swarm-editor/internal/api/handler.go:2036.17,2038.3 1 1
github.com/swarm-editor/swarm-editor/internal/api/handler.go:2039.2,2040.15 2 1
github.com/swarm-editor/swarm-editor/internal/api/handler.go:2040.15,2042.3 1 0
github.com/swarm-editor/swarm-editor/internal/api/handler.go:2044.2,2053.53 2 1
github.com/swarm-editor/swarm-editor/internal/api/handler.go:2053.53,2055.3 1 1
github.com/swarm-editor/swarm-editor/internal/api/handler.go:2056.2,2056.37 1 1
github.com/swarm-editor/swarm-editor/internal/api/handler.go:2056.37,2058.3 1 1
github.com/swarm-editor/swarm-editor/internal/api/handler.go:2060.2,2068.24 2 1
github.com/swarm-editor/swarm-editor/internal/api/handler.go:2068.24,2070.17 2 1
github.com/swarm-editor/swarm-editor/internal/api/handler.go:2070.17,2072.4 1 1
github.com/swarm-editor/swarm-editor/internal/api/handler.go:2073.3,2073.17 1 0
github.com/swarm-editor/swarm-editor/internal/api/handler.go:2076.2,2076.44 1 1
github.com/swarm-editor/swarm-editor/internal/api/handler.go:2076.44,2078.3 1 0
github.com/swarm-editor/swarm-editor/internal/api/handler.go:2079.2,2079.62 1 1
github.com/swarm-editor/swarm-editor/internal/api/handler.go:2082.107,2084.17 2 1
github.com/swarm-editor/swarm-editor/internal/api/handler.go:2084.17,2086.3 1 1
github.com/swarm-editor/swarm-editor/internal/api/handler.go:2087.2,2088.15 2 1
github.com/swarm-editor/swarm-editor/internal/api/handler.go:2088.15,2090.3 1 0
github.com/swarm-editor/swarm-editor/internal/api/handler.go:2092.2,2095.53 2 1
github.com/swarm-editor/swarm-editor/internal/api/handler.go:2095.53,2097.3 1 1
github.com/swarm-editor/swarm-editor/internal/api/handler.go:2098.2,2098.37 1 1
github.com/swarm-editor/swarm-editor/internal/api/handler.go:2098.37,2100.3 1 1
github.com/swarm-editor/swarm-editor/internal/api/handler.go:2102.2,2102.53 1 1
github.com/swarm-editor/swarm-editor/internal/api/handler.go:2102.53,2104.3 1 1
github.com/swarm-editor/swarm-editor/internal/api/handler.go:2105.2,2105.52 1 1
github.com/swarm-editor/swarm-editor/internal/api/handler.go:2108.107,2110.17 2 1
github.com/swarm-editor/swarm-editor/internal/api/handler.go:2110.17,2112.3 1 1
github.com/swarm-editor/swarm-editor/internal/api/handler.go:2113.2,2114.15 2 1
github.com/swarm-editor/swarm-editor/internal/api/handler.go:2114.15,2116.3 1 0
github.com/swarm-editor/swarm-editor/internal/api/handler.go:2118.2,2122.53 2 1
github.com/swarm-editor/swarm-editor/internal/api/handler.go:2122.53,2124.3 1 1
github.com/swarm-editor/swarm-editor/internal/api/handler.go:2125.2,2125.37 1 1
github.com/swarm-editor/swarm-editor/internal/api/handler.go:2125.37,2127.3 1 1
github.com/swarm-editor/swarm-editor/internal/api/handler.go:2129.2,2129.66 1 1
github.com/swarm-editor/swarm-editor/internal/api/handler.go:2129.66,2131.3 1 1
github.com/swarm-editor/swarm-editor/internal/api/handler.go:2132.2,2132.52 1 1
github.com/swarm-editor/swarm-editor/internal/api/handler.go:2137.104,2139.17 2 1
github.com/swarm-editor/swarm-editor/internal/api/handler.go:2139.17,2141.3 1 1
github.com/swarm-editor/swarm-editor/internal/api/handler.go:2142.2,2146.53 2 1
github.com/swarm-editor/swarm-editor/internal/api/handler.go:2146.53,2148.3 1 1
github.com/swarm-editor/swarm-editor/internal/api/handler.go:2149.2,2149.45 1 1
github.com/swarm-editor/swarm-editor/internal/api/handler.go:2149.45,2151.3 1 1
github.com/swarm-editor/swarm-editor/internal/api/handler.go:2152.2,2153.18 2 1
github.com/swarm-editor/swarm-editor/internal/api/handler.go:2153.18,2155.3 1 0
github.com/swarm-editor/swarm-editor/internal/api/handler.go:2156.2,2156.81 1 1
github.com/swarm-editor/swarm-editor/internal/api/handler.go:2159.102,2161.17 2 1
github.com/swarm-editor/swarm-editor/internal/api/handler.go:2161.17,2163.3 1 1
github.com/swarm-editor/swarm-editor/internal/api/handler.go:2164.2,2169.53 2 1
github.com/swarm-editor/swarm-editor/internal/api/handler.go:2169.53,2171.3 1 1
github.com/swarm-editor/swarm-editor/internal/api/handler.go:2172.2,2173.18 2 1
github.com/swarm-editor/swarm-editor/internal/api/handler.go:2173.18,2175.3 1 0
github.com/swarm-editor/swarm-editor/internal/api/handler.go:2176.2,2176.37 1 1
github.com/swarm-editor/swarm-editor/internal/api/handler.go:2176.37,2178.22 2 1
github.com/swarm-editor/swarm-editor/internal/api/handler.go:2178.22,2180.4 1 1
github.com/swarm-editor/swarm-editor/internal/api/handler.go:2181.3,2181.23 1 0
github.com/swarm-editor/swarm-editor/internal/api/handler.go:2183.2,2183.81 1 1
github.com/swarm-editor/swarm-editor/internal/api/handler.go:2183.81,2185.22 2 1
github.com/swarm-editor/swarm-editor/internal/api/handler.go:2185.22,2187.4 1 1
github.com/swarm-editor/swarm-editor/internal/api/handler.go:2188.3,2188.23 1 0
github.com/swarm-editor/swarm-editor/internal/api/handler.go:2190.2,2190.67 1 1
github.com/swarm-editor/swarm-editor/internal/api/handler.go:2193.105,2195.17 2 1
github.com/swarm-editor/swarm-editor/internal/api/handler.go:2195.17,2197.3 1 0
github.com/swarm-editor/swarm-editor/internal/api/handler.go:2198.2,2208.53 2 1
github.com/swarm-editor/swarm-editor/internal/api/handler.go:2208.53,2210.3 1 1
github.com/swarm-editor/swarm-editor/internal/api/handler.go:2211.2,2211.45 1 1
github.com/swarm-editor/swarm-editor/internal/api/handler.go:2211.45,2213.3 1 1
github.com/swarm-editor/swarm-editor/internal/api/handler.go:2214.2,2214.38 1 1
github.com/swarm-editor/swarm-editor/internal/api/handler.go:2214.38,2216.3 1 1
github.com/swarm-editor/swarm-editor/internal/api/handler.go:2217.2,2218.18 2 1
github.com/swarm-editor/swarm-editor/internal/api/handler.go:2218.18,2220.3 1 0
github.com/swarm-editor/swarm-editor/internal/api/handler.go:2221.2,2232.16 3 1
github.com/swarm-editor/swarm-editor/internal/api/handler.go:2232.16,2234.3 1 0
github.com/swarm-editor/swarm-editor/internal/api/handler.go:2235.2,2235.69 1 1
github.com/swarm-editor/swarm-editor/internal/api/handler.go:2238.105,2240.17 2 1
github.com/swarm-editor/swarm-editor/internal/api/handler.go:2240.17,2242.3 1 0
github.com/swarm-editor/swarm-editor/internal/api/handler.go:2243.2,2247.53 2 1
github.com/swarm-editor/swarm-editor/internal/api/handler.go:2247.53,2249.3 1 1
github.com/swarm-editor/swarm-editor/internal/api/handler.go:2250.2,2250.45 1 1
github.com/swarm-editor/swarm-editor/internal/api/handler.go:2250.45,2252.3 1 1
github.com/swarm-editor/swarm-editor/internal/api/handler.go:2253.2,2253.38 1 1
github.com/swarm-editor/swarm-editor/internal/api/handler.go:2253.38,2255.3 1 1
github.com/swarm-editor/swarm-editor/internal/api/handler.go:2256.2,2257.18 2 1
github.com/swarm-editor/swarm-editor/internal/api/handler.go:2257.18,2259.3 1 0
github.com/swarm-editor/swarm-editor/internal/api/handler.go:2260.2,2261.14 2 1
github.com/swarm-editor/swarm-editor/internal/api/handler.go:2261.14,2263.3 1 1
github.com/swarm-editor/swarm-editor/internal/api/handler.go:2264.2,2264.52 1 1
github.com/swarm-editor/swarm-editor/internal/api/handler.go:2267.105,2272.53 2 1
github.com/swarm-editor/swarm-editor/internal/api/handler.go:2272.53,2274.3 1 1
github.com/swarm-editor/swarm-editor/internal/api/handler.go:2276.2,2277.18 2 1
github.com/swarm-editor/swarm-editor/internal/api/handler.go:2277.18,2279.3 1 1
github.com/swarm-editor/swarm-editor/internal/api/handler.go:2281.2,2282.17 2 1
github.com/swarm-editor/swarm-editor/internal/api/handler.go:2282.17,2284.3 1 1
github.com/swarm-editor/swarm-editor/internal/api/handler.go:2286.2,2287.16 2 1
github.com/swarm-editor/swarm-editor/internal/api/handler.go:2287.16,2289.3 1 1
github.com/swarm-editor/swarm-editor/internal/api/handler.go:2291.2,2291.30 1 0
github.com/swarm-editor/swarm-editor/internal/api/handler.go:2294.106,2304.53 2 1
github.com/swarm-editor/swarm-editor/internal/api/handler.go:2304.53,2306.3 1 1
github.com/swarm-editor/swarm-editor/internal/api/handler.go:2308.2,2308.37 1 1
github.com/swarm-editor/swarm-editor/internal/api/handler.go:2308.37,2310.3 1 1
github.com/swarm-editor/swarm-editor/internal/api/handler.go:2311.2,2311.44 1 1
github.com/swarm-editor/swarm-editor/internal/api/handler.go:2311.44,2313.3 1 1
github.com/swarm-editor/swarm-editor/internal/api/handler.go:2315.2,2316.17 2 1
github.com/swarm-editor/swarm-editor/internal/api/handler.go:2316.17,2318.3 1 1
github.com/swarm-editor/swarm-editor/internal/api/handler.go:2320.2,2321.14 2 1
github.com/swarm-editor/swarm-editor/internal/api/handler.go:2321.14,2323.3 1 1
github.com/swarm-editor/swarm-editor/internal/api/handler.go:2325.2,2334.25 2 1
github.com/swarm-editor/swarm-editor/internal/api/handler.go:2334.25,2336.3 1 1
github.com/swarm-editor/swarm-editor/internal/api/handler.go:2338.2,2347.8 2 1
github.com/swarm-editor/swarm-editor/internal/api/handler.go:2350.106,2360.53 2 1
github.com/swarm-editor/swarm-editor/internal/api/handler.go:2360.53,2362.3 1 1
github.com/swarm-editor/swarm-editor/internal/api/handler.go:2364.2,2365.18 2 1
github.com/swarm-editor/swarm-editor/internal/api/handler.go:2365.18,2367.3 1 1
github.com/swarm-editor/swarm-editor/internal/api/handler.go:2368.2,2369.25 2 1
github.com/swarm-editor/swarm-editor/internal/api/handler.go:2369.25,2371.3 1 0
github.com/swarm-editor/swarm-editor/internal/api/handler.go:2372.2,2373.23 2 1
github.com/swarm-editor/swarm-editor/internal/api/handler.go:2373.23,2375.3 1 0
github.com/swarm-editor/swarm-editor/internal/api/handler.go:2377.2,2378.17 2 1
github.com/swarm-editor/swarm-editor/internal/api/handler.go:2378.17,2380.3 1 0
github.com/swarm-editor/swarm-editor/internal/api/handler.go:2382.2,2383.14 2 1
github.com/swarm-editor/swarm-editor/internal/api/handler.go:2383.14,2385.3 1 1
github.com/swarm-editor/swarm-editor/internal/api/handler.go:2387.2,2395.40 2 1
github.com/swarm-editor/swarm-editor/internal/api/handler.go:2395.40,2397.3 1 0
github.com/swarm-editor/swarm-editor/internal/api/handler.go:2399.2,2405.8 1 1
github.com/swarm-editor/swarm-editor/internal/api/handler.go:2409.54,2410.14 1 1
github.com/swarm-editor/swarm-editor/internal/api/handler.go:2410.14,2412.3 1 1
github.com/swarm-editor/swarm-editor/internal/api/handler.go:2414.2,2417.28 3 1
github.com/swarm-editor/swarm-editor/internal/api/handler.go:2417.28,2427.25 2 1
github.com/swarm-editor/swarm-editor/internal/api/handler.go:2427.25,2429.4 1 1
github.com/swarm-editor/swarm-editor/internal/api/handler.go:2430.3,2430.22 1 1
github.com/swarm-editor/swarm-editor/internal/api/handler.go:2430.22,2432.4 1 1
github.com/swarm-editor/swarm-editor/internal/api/handler.go:2433.3,2433.22 1 1
github.com/swarm-editor/swarm-editor/internal/api/handler.go:2433.22,2435.4 1 1
github.com/swarm-editor/swarm-editor/internal/api/handler.go:2436.3,2436.25 1 1
github.com/swarm-editor/swarm-editor/internal/api/handler.go:2436.25,2438.4 1 1
github.com/swarm-editor/swarm-editor/internal/api/handler.go:2439.3,2439.27 1 1
github.com/swarm-editor/swarm-editor/internal/api/handler.go:2439.27,2441.4 1 1
github.com/swarm-editor/swarm-editor/internal/api/handler.go:2442.3,2442.27 1 1
github.com/swarm-editor/swarm-editor/internal/api/handler.go:2442.27,2444.4 1 1
github.com/swarm-editor/swarm-editor/internal/api/handler.go:2446.3,2446.18 1 1
github.com/swarm-editor/swarm-editor/internal/api/handler.go:2446.18,2448.4 1 1
github.com/swarm-editor/swarm-editor/internal/api/handler.go:2449.3,2449.24 1 1
github.com/swarm-editor/swarm-editor/internal/api/handler.go:2449.24,2451.4 1 1
github.com/swarm-editor/swarm-editor/internal/api/handler.go:2452.3,2452.23 1 1
github.com/swarm-editor/swarm-editor/internal/api/handler.go:2452.23,2454.4 1 1
github.com/swarm-editor/swarm-editor/internal/api/handler.go:2455.3,2455.27 1 1
github.com/swarm-editor/swarm-editor/internal/api/handler.go:2455.27,2457.4 1 1
github.com/swarm-editor/swarm-editor/internal/api/handler.go:2458.3,2458.34 1 1
github.com/swarm-editor/swarm-editor/internal/api/handler.go:2458.34,2460.4 1 1
github.com/swarm-editor/swarm-editor/internal/api/handler.go:2461.3,2461.27 1 1
github.com/swarm-editor/swarm-editor/internal/api/handler.go:2461.27,2463.4 1 1
github.com/swarm-editor/swarm-editor/internal/api/handler.go:2464.3,2464.33 1 1
github.com/swarm-editor/swarm-editor/internal/api/handler.go:2467.2,2468.28 2 1
github.com/swarm-editor/swarm-editor/internal/api/handler.go:2468.28,2476.3 1 1
github.com/swarm-editor/swarm-editor/internal/api/handler.go:2478.2,2491.3 1 1
github.com/swarm-editor/swarm-editor/internal/api/handler.go:2496.45,2501.2 2 1
github.com/swarm-editor/swarm-editor/internal/api/handler.go:2504.42,2507.2 2 1
github.com/swarm-editor/swarm-editor/internal/api/handler.go:2512.106,2524.53 2 1
github.com/swarm-editor/swarm-editor/internal/api/handler.go:2524.53,2526.3 1 0
github.com/swarm-editor/swarm-editor/internal/api/handler.go:2528.2,2529.17 2 1
github.com/swarm-editor/swarm-editor/internal/api/handler.go:2529.17,2531.3 1 1
github.com/swarm-editor/swarm-editor/internal/api/handler.go:2533.2,2534.19 2 1
github.com/swarm-editor/swarm-editor/internal/api/handler.go:2534.19,2536.3 1 0
github.com/swarm-editor/swarm-editor/internal/api/handler.go:2539.2,2541.41 3 1
github.com/swarm-editor/swarm-editor/internal/api/handler.go:2541.41,2543.3 1 1
github.com/swarm-editor/swarm-editor/internal/api/handler.go:2545.2,2554.26 2 1
github.com/swarm-editor/swarm-editor/internal/api/handler.go:2554.26,2556.3 1 0
github.com/swarm-editor/swarm-editor/internal/api/handler.go:2557.2,2557.24 1 1
github.com/swarm-editor/swarm-editor/internal/api/handler.go:2557.24,2559.3 1 0
github.com/swarm-editor/swarm-editor/internal/api/handler.go:2561.2,2562.20 2 1
github.com/swarm-editor/swarm-editor/internal/api/handler.go:2566.104,2568.17 2 1
github.com/swarm-editor/swarm-editor/internal/api/handler.go:2568.17,2570.3 1 1
github.com/swarm-editor/swarm-editor/internal/api/handler.go:2572.2,2573.19 2 1
github.com/swarm-editor/swarm-editor/internal/api/handler.go:2573.19,2575.3 1 0
github.com/swarm-editor/swarm-editor/internal/api/handler.go:2577.2,2580.8 1 1
github.com/swarm-editor/swarm-editor/internal/api/handler.go:2585.104,2589.53 2 1
github.com/swarm-editor/swarm-editor/internal/api/handler.go:2589.53,2591.3 1 1
github.com/swarm-editor/swarm-editor/internal/api/handler.go:2594.2,2594.18 1 1
github.com/swarm-editor/swarm-editor/internal/api/handler.go:2594.18,2596.3 1 0
github.com/swarm-editor/swarm-editor/internal/api/handler.go:2598.2,2599.17 2 1
github.com/swarm-editor/swarm-editor/internal/api/handler.go:2599.17,2601.3 1 0
github.com/swarm-editor/swarm-editor/internal/api/handler.go:2603.2,2604.19 2 1
github.com/swarm-editor/swarm-editor/internal/api/handler.go:2604.19,2606.3 1 0
github.com/swarm-editor/swarm-editor/internal/api/handler.go:2609.2,2614.68 5 1
github.com/swarm-editor/swarm-editor/internal/api/handler.go:2620.104,2624.53 2 1
github.com/swarm-editor/swarm-editor/internal/api/handler.go:2624.53,2626.3 1 1
github.com/swarm-editor/swarm-editor/internal/api/handler.go:2627.2,2627.45 1 1
github.com/swarm-editor/swarm-editor/internal/api/handler.go:2627.45,2629.3 1 1
github.com/swarm-editor/swarm-editor/internal/api/handler.go:2631.2,2632.17 2 1
github.com/swarm-editor/swarm-editor/internal/api/handler.go:2632.17,2634.3 1 1
github.com/swarm-editor/swarm-editor/internal/api/handler.go:2636.2,2637.18 2 1
github.com/swarm-editor/swarm-editor/internal/api/handler.go:2637.18,2639.3 1 0
github.com/swarm-editor/swarm-editor/internal/api/handler.go:2641.2,2641.49 1 1
github.com/swarm-editor/swarm-editor/internal/api/handler.go:2645.102,2656.53 2 1
github.com/swarm-editor/swarm-editor/internal/api/handler.go:2656.53,2658.3 1 1
github.com/swarm-editor/swarm-editor/internal/api/handler.go:2659.2,2659.45 1 1
github.com/swarm-editor/swarm-editor/internal/api/handler.go:2659.45,2661.3 1 1
github.com/swarm-editor/swarm-editor/internal/api/handler.go:2662.2,2662.38 1 1
github.com/swarm-editor/swarm-editor/internal/api/handler.go:2662.38,2664.3 1 1
github.com/swarm-editor/swarm-editor/internal/api/handler.go:2666.2,2667.17 2 1
github.com/swarm-editor/swarm-editor/internal/api/handler.go:2667.17,2669.3 1 0
github.com/swarm-editor/swarm-editor/internal/api/handler.go:2671.2,2672.18 2 1
github.com/swarm-editor/swarm-editor/internal/api/handler.go:2672.18,2674.3 1 0
github.com/swarm-editor/swarm-editor/internal/api/handler.go:2676.2,2686.61 2 1
github.com/swarm-editor/swarm-editor/internal/api/handler.go:2686.61,2688.3 1 0
github.com/swarm-editor/swarm-editor/internal/api/handler.go:2690.2,2690.57 1 1
github.com/swarm-editor/swarm-editor/internal/api/handler.go:2694.105,2699.53 2 1
github.com/swarm-editor/swarm-editor/internal/api/handler.go:2699.53,2701.3 1 1
github.com/swarm-editor/swarm-editor/internal/api/handler.go:2702.2,2702.45 1 1
github.com/swarm-editor/swarm-editor/internal/api/handler.go:2702.45,2704.3 1 1
github.com/swarm-editor/swarm-editor/internal/api/handler.go:2705.2,2705.45 1 1
github.com/swarm-editor/swarm-editor/internal/api/handler.go:2705.45,2707.3 1 1
github.com/swarm-editor/swarm-editor/internal/api/handler.go:2709.2,2710.17 2 1
github.com/swarm-editor/swarm-editor/internal/api/handler.go:2710.17,2712.3 1 0
github.com/swarm-editor/swarm-editor/internal/api/handler.go:2714.2,2715.18 2 1
github.com/swarm-editor/swarm-editor/internal/api/handler.go:2715.18,2717.3 1 0
github.com/swarm-editor/swarm-editor/internal/api/handler.go:2719.2,2720.52 2 1
github.com/swarm-editor/swarm-editor/internal/api/handler.go:2724.107,2730.53 2 1
github.com/swarm-editor/swarm-editor/internal/api/handler.go:2730.53,2732.3 1 1
github.com/swarm-editor/swarm-editor/internal/api/handler.go:2733.2,2733.45 1 1
github.com/swarm-editor/swarm-editor/internal/api/handler.go:2733.45,2735.3 1 1
github.com/swarm-editor/swarm-editor/internal/api/handler.go:2736.2,2736.38 1 1
github.com/swarm-editor/swarm-editor/internal/api/handler.go:2736.38,2738.3 1 1
github.com/swarm-editor/swarm-editor/internal/api/handler.go:2740.2,2741.17 2 1
github.com/swarm-editor/swarm-editor/internal/api/handler.go:2741.17,2743.3 1 0
github.com/swarm-editor/swarm-editor/internal/api/handler.go:2745.2,2746.18 2 1
github.com/swarm-editor/swarm-editor/internal/api/handler.go:2746.18,2748.3 1 0
github.com/swarm-editor/swarm-editor/internal/api/handler.go:2750.2,2750.83 1 1
github.com/swarm-editor/swarm-editor/internal/api/handler.go:2750.83,2752.3 1 0
github.com/swarm-editor/swarm-editor/internal/api/handler.go:2754.2,2754.52 1 1
github.com/swarm-editor/swarm-editor/internal/api/handler.go:2758.107,2763.53 2 1
github.com/swarm-editor/swarm-editor/internal/api/handler.go:2763.53,2765.3 1 1
github.com/swarm-editor/swarm-editor/internal/api/handler.go:2766.2,2766.45 1 1
github.com/swarm-editor/swarm-editor/internal/api/handler.go:2766.45,2768.3 1 1
github.com/swarm-editor/swarm-editor/internal/api/handler.go:2770.2,2771.17 2 1
github.com/swarm-editor/swarm-editor/internal/api/handler.go:2771.17,2773.3 1 0
github.com/swarm-editor/swarm-editor/internal/api/handler.go:2775.2,2776.18 2 1
github.com/swarm-editor/swarm-editor/internal/api/handler.go:2776.18,2778.3 1 0
github.com/swarm-editor/swarm-editor/internal/api/handler.go:2780.2,2781.16 2 1
github.com/swarm-editor/swarm-editor/internal/api/handler.go:2781.16,2783.3 1 0
github.com/swarm-editor/swarm-editor/internal/api/handler.go:2785.2,2785.49 1 1
github.com/swarm-editor/swarm-editor/internal/api/handler.go:2791.110,2793.19 2 1
github.com/swarm-editor/swarm-editor/internal/api/handler.go:2793.19,2795.3 1 1
github.com/swarm-editor/swarm-editor/internal/api/handler.go:2796.2,2796.39 1 1
github.com/swarm-editor/swarm-editor/internal/api/handler.go:2796.39,2798.3 1 0
github.com/swarm-editor/swarm-editor/internal/api/handler.go:2799.2,2799.37 1 1
github.com/swarm-editor/swarm-editor/internal/api/handler.go:2803.109,2805.19 2 1
github.com/swarm-editor/swarm-editor/internal/api/handler.go:2805.19,2807.3 1 1
github.com/swarm-editor/swarm-editor/internal/api/handler.go:2808.2,2808.38 1 1
github.com/swarm-editor/swarm-editor/internal/api/handler.go:2808.38,2810.3 1 0
github.com/swarm-editor/swarm-editor/internal/api/handler.go:2811.2,2811.37 1 1
github.com/swarm-editor/swarm-editor/internal/api/handler.go:2815.114,2817.19 2 1
github.com/swarm-editor/swarm-editor/internal/api/handler.go:2817.19,2819.3 1 1
github.com/swarm-editor/swarm-editor/internal/api/handler.go:2820.2,2820.37 1 1
github.com/swarm-editor/swarm-editor/internal/api/websocket_server.go:55.35,57.2 1 1
github.com/swarm-editor/swarm-editor/internal/api/websocket_server.go:60.54,62.2 1 1
github.com/swarm-editor/swarm-editor/internal/api/websocket_server.go:65.40,67.2 1 1
github.com/swarm-editor/swarm-editor/internal/api/websocket_server.go:70.42,72.2 1 1
github.com/swarm-editor/swarm-editor/internal/api/websocket_server.go:75.44,77.2 1 1
github.com/swarm-editor/swarm-editor/internal/api/websocket_server.go:80.45,82.2 1 1
github.com/swarm-editor/swarm-editor/internal/api/websocket_server.go:85.44,87.2 1 1
github.com/swarm-editor/swarm-editor/internal/api/websocket_server.go:92.33,94.29 2 1
github.com/swarm-editor/swarm-editor/internal/api/websocket_server.go:94.29,96.3 1 1
github.com/swarm-editor/swarm-editor/internal/api/websocket_server.go:97.2,97.14 1 1
github.com/swarm-editor/swarm-editor/internal/api/websocket_server.go:101.35,103.29 2 1
github.com/swarm-editor/swarm-editor/internal/api/websocket_server.go:103.29,105.3 1 1
github.com/swarm-editor/swarm-editor/internal/api/websocket_server.go:106.2,106.14 1 1
github.com/swarm-editor/swarm-editor/internal/api/websocket_server.go:110.37,112.29 2 1
github.com/swarm-editor/swarm-editor/internal/api/websocket_server.go:112.29,114.3 1 1
github.com/swarm-editor/swarm-editor/internal/api/websocket_server.go:115.2,115.14 1 1
github.com/swarm-editor/swarm-editor/internal/api/websocket_server.go:119.36,121.29 2 1
github.com/swarm-editor/swarm-editor/internal/api/websocket_server.go:121.29,123.3 1 1
github.com/swarm-editor/swarm-editor/internal/api/websocket_server.go:124.2,124.14 1 1
github.com/swarm-editor/swarm-editor/internal/api/websocket_server.go:128.33,130.29 2 1
github.com/swarm-editor/swarm-editor/internal/api/websocket_server.go:130.29,132.3 1 1
github.com/swarm-editor/swarm-editor/internal/api/websocket_server.go:133.2,133.14 1 1
github.com/swarm-editor/swarm-editor/internal/api/websocket_server.go:137.37,139.29 2 1
github.com/swarm-editor/swarm-editor/internal/api/websocket_server.go:139.29,141.3 1 1
github.com/swarm-editor/swarm-editor/internal/api/websocket_server.go:142.2,142.14 1 1
github.com/swarm-editor/swarm-editor/internal/api/websocket_server.go:146.38,148.29 2 1
github.com/swarm-editor/swarm-editor/internal/api/websocket_server.go:148.29,150.3 1 1
github.com/swarm-editor/swarm-editor/internal/api/websocket_server.go:151.2,151.14 1 1
github.com/swarm-editor/swarm-editor/internal/api/websocket_server.go:155.33,157.29 2 1
github.com/swarm-editor/swarm-editor/internal/api/websocket_server.go:157.29,159.3 1 1
github.com/swarm-editor/swarm-editor/internal/api/websocket_server.go:160.2,160.14 1 1
github.com/swarm-editor/swarm-editor/internal/api/websocket_server.go:164.39,166.29 2 1
github.com/swarm-editor/swarm-editor/internal/api/websocket_server.go:166.29,168.3 1 1
github.com/swarm-editor/swarm-editor/internal/api/websocket_server.go:169.2,169.12 1 1
github.com/swarm-editor/swarm-editor/internal/api/websocket_server.go:444.64,445.20 1 1
github.com/swarm-editor/swarm-editor/internal/api/websocket_server.go:445.20,447.3 1 0
github.com/swarm-editor/swarm-editor/internal/api/websocket_server.go:448.2,448.23 1 1
github.com/swarm-editor/swarm-editor/internal/api/websocket_server.go:448.23,450.3 1 1
github.com/swarm-editor/swarm-editor/internal/api/websocket_server.go:451.2,451.28 1 1
github.com/swarm-editor/swarm-editor/internal/api/websocket_server.go:451.28,453.3 1 1
github.com/swarm-editor/swarm-editor/internal/api/websocket_server.go:454.2,454.27 1 1
github.com/swarm-editor/swarm-editor/internal/api/websocket_server.go:454.27,456.3 1 1
github.com/swarm-editor/swarm-editor/internal/api/websocket_server.go:457.2,457.29 1 1
github.com/swarm-editor/swarm-editor/internal/api/websocket_server.go:457.29,459.3 1 1
github.com/swarm-editor/swarm-editor/internal/api/websocket_server.go:462.2,463.30 2 1
github.com/swarm-editor/swarm-editor/internal/api/websocket_server.go:463.30,465.39 2 0
github.com/swarm-editor/swarm-editor/internal/api/websocket_server.go:465.39,467.9 2 0
[...]
github.com/swarm-editor/swarm-editor/internal/api/websocket_server.go:1123.3,1123.9 1 0
github.com/swarm-editor/swarm-editor/internal/api/websocket_server.go:1126.2,1126.30 1 0
github.com/swarm-editor/swarm-editor/internal/api/websocket_server.go:1130.52,1132.19 2 0
github.com/swarm-editor/swarm-editor/internal/api/websocket_server.go:1132.19,1134.17 2 0
github.com/swarm-editor/swarm-editor/internal/api/websocket_server.go:1134.17,1137.4 2 0
github.com/swarm-editor/swarm-editor/internal/api/websocket_server.go:1138.3,1138.20 1 0
github.com/swarm-editor/swarm-editor/internal/api/websocket_server.go:1141.2,1147.16 3 0
github.com/swarm-editor/swarm-editor/internal/api/websocket_server.go:1147.16,1150.3 2 0
github.com/swarm-editor/swarm-editor/internal/api/websocket_server.go:1152.2,1152.40 1 0
github.com/swarm-editor/swarm-editor/internal/api/websocket_server.go:1152.40,1154.3 1 0
github.com/swarm-editor/swarm-editor/internal/api/websocket_server.go:1158.65,1168.16 3 0
github.com/swarm-editor/swarm-editor/internal/api/websocket_server.go:1168.16,1171.3 2 0
github.com/swarm-editor/swarm-editor/internal/api/websocket_server.go:1173.2,1173.40 1 0
github.com/swarm-editor/swarm-editor/internal/api/websocket_server.go:1173.40,1175.3 1 0
github.com/swarm-editor/swarm-editor/internal/api/websocket_server.go:1179.59,1186.16 3 0
github.com/swarm-editor/swarm-editor/internal/api/websocket_server.go:1186.16,1189.3 2 0
github.com/swarm-editor/swarm-editor/internal/api/websocket_server.go:1191.2,1191.40 1 0
github.com/swarm-editor/swarm-editor/internal/api/websocket_server.go:1191.40,1193.3 1 0
github.com/swarm-editor/swarm-editor/internal/api/websocket_server.go:1197.45,1198.9 1 0
github.com/swarm-editor/swarm-editor/internal/api/websocket_server.go:1199.24,1200.13 1 0
github.com/swarm-editor/swarm-editor/internal/api/websocket_server.go:1201.10,1202.27 1 0
github.com/swarm-editor/swarm-editor/internal/api/websocket_server.go:1207.26,1211.9 3 0
github.com/swarm-editor/swarm-editor/internal/api/websocket_server.go:1212.19,1213.9 1 0
github.com/swarm-editor/swarm-editor/internal/api/websocket_server.go:1214.10,1216.17 2 0
github.com/swarm-editor/swarm-editor/internal/api/websocket_server.go:1223.65,1226.30 1 1
github.com/swarm-editor/swarm-editor/internal/api/websocket_server.go:1226.30,1228.19 2 1
github.com/swarm-editor/swarm-editor/internal/api/websocket_server.go:1228.19,1230.4 1 1
github.com/swarm-editor/swarm-editor/internal/api/websocket_server.go:1231.3,1231.14 1 1
github.com/swarm-editor/swarm-editor/internal/api/websocket_server.go:1234.2,1235.18 2 1
github.com/swarm-editor/swarm-editor/internal/api/websocket_server.go:1235.18,1238.3 1 1
github.com/swarm-editor/swarm-editor/internal/api/websocket_server.go:1241.2,1241.41 1 1
github.com/swarm-editor/swarm-editor/internal/api/websocket_server.go:1241.41,1242.24 1 1
github.com/swarm-editor/swarm-editor/internal/api/websocket_server.go:1242.24,1244.4 1 1
github.com/swarm-editor/swarm-editor/internal/api/websocket_server.go:1246.3,1246.39 1 1
github.com/swarm-editor/swarm-editor/internal/api/websocket_server.go:1246.39,1248.45 2 1
github.com/swarm-editor/swarm-editor/internal/api/websocket_server.go:1248.45,1250.5 1 1
github.com/swarm-editor/swarm-editor/internal/api/websocket_server.go:1254.2,1255.14 2 1
github.com/swarm-editor/swarm-editor/internal/api/workflow.go:21.85,22.24 1 1
github.com/swarm-editor/swarm-editor/internal/api/workflow.go:22.24,24.3 1 1
github.com/swarm-editor/swarm-editor/internal/api/workflow.go:25.2,25.32 1 1
github.com/swarm-editor/swarm-editor/internal/api/workflow.go:29.71,31.60 2 1
github.com/swarm-editor/swarm-editor/internal/api/workflow.go:31.60,32.68 1 1
github.com/swarm-editor/swarm-editor/internal/api/workflow.go:32.68,34.4 1 0
github.com/swarm-editor/swarm-editor/internal/api/workflow.go:34.9,36.4 1 1
github.com/swarm-editor/swarm-editor/internal/api/workflow.go:37.3,37.15 1 1
github.com/swarm-editor/swarm-editor/internal/api/workflow.go:39.2,39.13 1 1
github.com/swarm-editor/swarm-editor/internal/api/workflow.go:48.68,52.2 1 1
github.com/swarm-editor/swarm-editor/internal/api/workflow.go:69.86,71.29 2 1
github.com/swarm-editor/swarm-editor/internal/api/workflow.go:71.29,73.3 1 1
github.com/swarm-editor/swarm-editor/internal/api/workflow.go:75.2,75.20 1 1
github.com/swarm-editor/swarm-editor/internal/api/workflow.go:75.20,78.3 2 1
github.com/swarm-editor/swarm-editor/internal/api/workflow.go:80.2,80.20 1 1
github.com/swarm-editor/swarm-editor/internal/api/workflow.go:80.20,82.3 1 1
github.com/swarm-editor/swarm-editor/internal/api/workflow.go:84.2,94.56 5 1
github.com/swarm-editor/swarm-editor/internal/api/workflow.go:94.56,96.3 1 0
github.com/swarm-editor/swarm-editor/internal/api/workflow.go:108.79,110.22 2 1
github.com/swarm-editor/swarm-editor/internal/api/workflow.go:110.22,113.3 2 1
github.com/swarm-editor/swarm-editor/internal/api/workflow.go:115.2,116.21 2 1
github.com/swarm-editor/swarm-editor/internal/api/workflow.go:116.21,119.3 2 1
github.com/swarm-editor/swarm-editor/internal/api/workflow.go:121.2,122.29 2 1
github.com/swarm-editor/swarm-editor/internal/api/workflow.go:122.29,124.3 1 1
github.com/swarm-editor/swarm-editor/internal/api/workflow.go:126.2,126.39 1 1
github.com/swarm-editor/swarm-editor/internal/api/workflow.go:126.39,129.3 2 1
github.com/swarm-editor/swarm-editor/internal/api/workflow.go:131.2,143.56 4 1
github.com/swarm-editor/swarm-editor/internal/api/workflow.go:143.56,145.3 1 0
github.com/swarm-editor/swarm-editor/internal/api/workflow.go:157.79,159.22 2 1
github.com/swarm-editor/swarm-editor/internal/api/workflow.go:159.22,162.3 2 1
github.com/swarm-editor/swarm-editor/internal/api/workflow.go:164.2,165.21 2 1
github.com/swarm-editor/swarm-editor/internal/api/workflow.go:165.21,168.3 2 1
github.com/swarm-editor/swarm-editor/internal/api/workflow.go:170.2,171.29 2 1
github.com/swarm-editor/swarm-editor/internal/api/workflow.go:171.29,173.3 1 1
github.com/swarm-editor/swarm-editor/internal/api/workflow.go:175.2,175.39 1 1
github.com/swarm-editor/swarm-editor/internal/api/workflow.go:175.39,178.3 2 1
github.com/swarm-editor/swarm-editor/internal/api/workflow.go:179.2,179.37 1 1
github.com/swarm-editor/swarm-editor/internal/api/workflow.go:179.37,182.3 2 1
github.com/swarm-editor/swarm-editor/internal/api/workflow.go:184.2,192.47 2 1
github.com/swarm-editor/swarm-editor/internal/api/workflow.go:192.47,195.3 2 1
github.com/swarm-editor/swarm-editor/internal/api/workflow.go:197.2,198.56 2 1
github.com/swarm-editor/swarm-editor/internal/api/workflow.go:198.56,200.3 1 0
github.com/swarm-editor/swarm-editor/internal/api/workflow.go:204.83,206.22 2 1
github.com/swarm-editor/swarm-editor/internal/api/workflow.go:206.22,209.3 2 1
github.com/swarm-editor/swarm-editor/internal/api/workflow.go:211.2,212.21 2 1
github.com/swarm-editor/swarm-editor/internal/api/workflow.go:212.21,215.3 2 1
github.com/swarm-editor/swarm-editor/internal/api/workflow.go:217.2,218.60 2 1
github.com/swarm-editor/swarm-editor/internal/api/workflow.go:218.60,220.3 1 0
github.com/swarm-editor/swarm-editor/internal/api/workflow.go:224.85,228.61 3 1
github.com/swarm-editor/swarm-editor/internal/api/workflow.go:228.61,230.3 1 0
github.com/swarm-editor/swarm-editor/internal/api/workflow.go:234.86,236.22 2 1
github.com/swarm-editor/swarm-editor/internal/api/workflow.go:236.22,239.3 2 1
github.com/swarm-editor/swarm-editor/internal/api/workflow.go:241.2,243.37 2 1
github.com/swarm-editor/swarm-editor/internal/api/workflow.go:252.87,254.22 2 1
github.com/swarm-editor/swarm-editor/internal/api/workflow.go:254.22,257.3 2 1
github.com/swarm-editor/swarm-editor/internal/api/workflow.go:259.2,259.74 1 1
github.com/swarm-editor/swarm-editor/internal/api/workflow.go:259.74,262.3 2 1
github.com/swarm-editor/swarm-editor/internal/api/workflow.go:264.2,266.60 3 1
github.com/swarm-editor/swarm-editor/internal/api/workflow.go:266.60,268.3 1 0
github.com/swarm-editor/swarm-editor/internal/api/workflow.go:272.86,274.22 2 1
github.com/swarm-editor/swarm-editor/internal/api/workflow.go:274.22,277.3 2 1
github.com/swarm-editor/swarm-editor/internal/api/workflow.go:279.2,282.63 3 1
github.com/swarm-editor/swarm-editor/internal/api/workflow.go:282.63,284.3 1 0
github.com/swarm-editor/swarm-editor/internal/api/workflow.go:293.89,295.29 2 1
github.com/swarm-editor/swarm-editor/internal/api/workflow.go:295.29,297.3 1 1
github.com/swarm-editor/swarm-editor/internal/api/workflow.go:299.2,300.16 2 1
github.com/swarm-editor/swarm-editor/internal/api/workflow.go:300.16,303.3 2 1
github.com/swarm-editor/swarm-editor/internal/api/workflow.go:305.2,306.60 2 1
github.com/swarm-editor/swarm-editor/internal/api/workflow.go:306.60,308.3 1 0
github.com/swarm-editor/swarm-editor/internal/api/workflow.go:313.39,315.2 1 1
github.com/swarm-editor/swarm-editor/internal/api/workflow.go:317.38,320.19 3 1
github.com/swarm-editor/swarm-editor/internal/api/workflow.go:320.19,323.3 2 1
github.com/swarm-editor/swarm-editor/internal/api/workflow.go:324.2,324.18 1 1
github.com/swarm-editor/swarm-editor/internal/api/workspace.go:56.46,61.2 1 1
github.com/swarm-editor/swarm-editor/internal/api/workspace.go:64.69,85.2 6 1
github.com/swarm-editor/swarm-editor/internal/api/workspace.go:88.54,92.9 4 1
github.com/swarm-editor/swarm-editor/internal/api/workspace.go:92.9,94.3 1 1
github.com/swarm-editor/swarm-editor/internal/api/workspace.go:95.2,95.25 1 1
github.com/swarm-editor/swarm-editor/internal/api/workspace.go:99.62,102.34 3 1
github.com/swarm-editor/swarm-editor/internal/api/workspace.go:102.34,104.3 1 1
github.com/swarm-editor/swarm-editor/internal/api/workspace.go:105.2,105.12 1 1
github.com/swarm-editor/swarm-editor/internal/api/workspace.go:109.48,114.33 4 1
github.com/swarm-editor/swarm-editor/internal/api/workspace.go:114.33,116.3 1 1
github.com/swarm-editor/swarm-editor/internal/api/workspace.go:117.2,117.19 1 1
github.com/swarm-editor/swarm-editor/internal/api/workspace.go:121.45,122.14 1 1
github.com/swarm-editor/swarm-editor/internal/api/workspace.go:122.14,124.3 1 0
github.com/swarm-editor/swarm-editor/internal/api/workspace.go:125.2,126.20 2 1
github.com/swarm-editor/swarm-editor/internal/api/workspace.go:126.20,129.3 2 1
github.com/swarm-editor/swarm-editor/internal/api/workspace.go:130.2,130.24 1 1
github.com/swarm-editor/swarm-editor/internal/api/workspace.go:130.24,133.3 2 1
github.com/swarm-editor/swarm-editor/internal/api/workspace.go:134.2,134.22 1 1
github.com/swarm-editor/swarm-editor/internal/api/workspace.go:134.22,137.3 2 1
github.com/swarm-editor/swarm-editor/internal/api/workspace.go:138.2,138.24 1 1
github.com/swarm-editor/swarm-editor/internal/api/workspace.go:138.24,141.3 2 1
github.com/swarm-editor/swarm-editor/internal/api/workspace.go:142.2,142.23 1 1
github.com/swarm-editor/swarm-editor/internal/api/workspace.go:142.23,144.3 1 1
github.com/swarm-editor/swarm-editor/internal/api/workspace.go:145.2,145.12 1 1
github.com/swarm-editor/swarm-editor/internal/api/workspace.go:149.56,150.16 1 1
github.com/swarm-editor/swarm-editor/internal/api/workspace.go:150.16,152.3 1 1
github.com/swarm-editor/swarm-editor/internal/api/workspace.go:153.2,154.24 2 1
github.com/swarm-editor/swarm-editor/internal/api/workspace.go:154.24,156.3 1 1
github.com/swarm-editor/swarm-editor/internal/api/workspace.go:157.2,157.12 1 1
github.com/swarm-editor/swarm-editor/internal/api/workspace.go:161.34,162.14 1 1
github.com/swarm-editor/swarm-editor/internal/api/workspace.go:162.14,164.3 1 1
github.com/swarm-editor/swarm-editor/internal/api/workspace.go:165.2,165.25 1 1
github.com/swarm-editor/swarm-editor/internal/api/workspace.go:166.22,167.29 1 1
github.com/swarm-editor/swarm-editor/internal/api/workspace.go:168.13,170.28 2 1
github.com/swarm-editor/swarm-editor/internal/api/workspace.go:170.28,172.4 1 1
github.com/swarm-editor/swarm-editor/internal/api/workspace.go:173.3,173.13 1 1
github.com/swarm-editor/swarm-editor/internal/api/workspace.go:174.25,177.13 3 1
github.com/swarm-editor/swarm-editor/internal/api/workspace.go:178.16,180.13 2 1
github.com/swarm-editor/swarm-editor/internal/api/workspace.go:181.52,182.11 1 1
github.com/swarm-editor/swarm-editor/internal/api/workspace.go:183.10,187.17 2 1
github.com/swarm-editor/swarm-editor/internal/api/workspace.go:187.17,189.4 1 1
github.com/swarm-editor/swarm-editor/internal/api/workspace.go:190.3,191.55 2 0
github.com/swarm-editor/swarm-editor/internal/api/workspace.go:191.55,193.4 1 0
github.com/swarm-editor/swarm-editor/internal/api/workspace.go:194.3,194.16 1 0
github.com/swarm-editor/swarm-editor/internal/api/workspace.go:199.46,203.35 3 1
github.com/swarm-editor/swarm-editor/internal/api/workspace.go:203.35,205.3 1 1
github.com/swarm-editor/swarm-editor/internal/api/workspace.go:206.2,206.26 1 1
github.com/swarm-editor/swarm-editor/internal/api/workspace.go:210.81,215.9 4 1
github.com/swarm-editor/swarm-editor/internal/api/workspace.go:215.9,217.3 1 0
github.com/swarm-editor/swarm-editor/internal/api/workspace.go:220.2,223.93 2 1
github.com/swarm-editor/swarm-editor/internal/api/workspace.go:223.93,225.3 1 1
github.com/swarm-editor/swarm-editor/internal/api/workspace.go:227.2,229.12 3 1
github.com/swarm-editor/swarm-editor/internal/api/workspace.go:233.83,238.9 4 1
github.com/swarm-editor/swarm-editor/internal/api/workspace.go:238.9,240.3 1 0
github.com/swarm-editor/swarm-editor/internal/api/workspace.go:243.2,246.70 2 1
github.com/swarm-editor/swarm-editor/internal/api/workspace.go:246.70,247.26 1 1
github.com/swarm-editor/swarm-editor/internal/api/workspace.go:247.26,249.4 1 1
github.com/swarm-editor/swarm-editor/internal/api/workspace.go:250.3,251.35 2 1
github.com/swarm-editor/swarm-editor/internal/api/workspace.go:254.2,254.12 1 1
github.com/swarm-editor/swarm-editor/internal/api/workspace.go:258.90,263.9 4 1
github.com/swarm-editor/swarm-editor/internal/api/workspace.go:263.9,265.3 1 1
github.com/swarm-editor/swarm-editor/internal/api/workspace.go:267.2,272.12 5 1
github.com/swarm-editor/swarm-editor/internal/api/workspace.go:276.77,281.9 4 1
github.com/swarm-editor/swarm-editor/internal/api/workspace.go:281.9,283.3 1 1
github.com/swarm-editor/swarm-editor/internal/api/workspace.go:285.2,286.43 2 1
github.com/swarm-editor/swarm-editor/internal/api/workspace.go:286.43,288.3 1 1
github.com/swarm-editor/swarm-editor/internal/api/workspace.go:289.2,289.21 1 1
github.com/swarm-editor/swarm-editor/internal/api/workspace.go:293.93,298.9 4 1
github.com/swarm-editor/swarm-editor/internal/api/workspace.go:298.9,300.3 1 1
github.com/swarm-editor/swarm-editor/internal/api/workspace.go:302.2,304.12 3 1
github.com/swarm-editor/swarm-editor/internal/api/workspace.go:308.76,313.9 4 1
github.com/swarm-editor/swarm-editor/internal/api/workspace.go:313.9,315.3 1 1
github.com/swarm-editor/swarm-editor/internal/api/workspace.go:318.2,318.52 1 1
github.com/swarm-editor/swarm-editor/internal/api/workspace.go:318.52,320.3 1 1
github.com/swarm-editor/swarm-editor/internal/api/workspace.go:322.2,324.12 3 1
github.com/swarm-editor/swarm-editor/internal/api/workspace.go:328.79,333.9 4 1
github.com/swarm-editor/swarm-editor/internal/api/workspace.go:333.9,335.3 1 1
github.com/swarm-editor/swarm-editor/internal/api/workspace.go:337.2,337.40 1 1
github.com/swarm-editor/swarm-editor/internal/api/workspace.go:337.40,338.20 1 1
github.com/swarm-editor/swarm-editor/internal/api/workspace.go:338.20,341.9 3 1
github.com/swarm-editor/swarm-editor/internal/api/workspace.go:345.2,345.12 1 1
github.com/swarm-editor/swarm-editor/internal/api/workspace.go:351.89,354.62 3 1
github.com/swarm-editor/swarm-editor/internal/api/workspace.go:354.62,356.3 1 0
github.com/swarm-editor/swarm-editor/internal/api/workspace.go:360.87,362.14 2 1
github.com/swarm-editor/swarm-editor/internal/api/workspace.go:362.14,365.3 2 1
github.com/swarm-editor/swarm-editor/internal/api/workspace.go:367.2,368.22 2 1
github.com/swarm-editor/swarm-editor/internal/api/workspace.go:368.22,371.3 2 1
github.com/swarm-editor/swarm-editor/internal/api/workspace.go:373.2,374.61 2 1
github.com/swarm-editor/swarm-editor/internal/api/workspace.go:374.61,376.3 1 0
github.com/swarm-editor/swarm-editor/internal/api/workspace.go:380.90,387.29 2 1
github.com/swarm-editor/swarm-editor/internal/api/workspace.go:387.29,389.3 1 1
github.com/swarm-editor/swarm-editor/internal/api/workspace.go:391.2,391.36 1 1
github.com/swarm-editor/swarm-editor/internal/api/workspace.go:391.36,394.3 2 1
github.com/swarm-editor/swarm-editor/internal/api/workspace.go:397.2,398.16 2 1
github.com/swarm-editor/swarm-editor/internal/api/workspace.go:398.16,401.3 2 0
github.com/swarm-editor/swarm-editor/internal/api/workspace.go:403.2,403.37 1 1
github.com/swarm-editor/swarm-editor/internal/api/workspace.go:403.37,406.3 2 0
github.com/swarm-editor/swarm-editor/internal/api/workspace.go:408.2,411.61 4 1
github.com/swarm-editor/swarm-editor/internal/api/workspace.go:411.61,413.3 1 0
github.com/swarm-editor/swarm-editor/internal/api/workspace.go:417.83,419.23 2 1
github.com/swarm-editor/swarm-editor/internal/api/workspace.go:419.23,422.3 2 1
github.com/swarm-editor/swarm-editor/internal/api/workspace.go:424.2,429.29 2 1
github.com/swarm-editor/swarm-editor/internal/api/workspace.go:429.29,431.3 1 0
github.com/swarm-editor/swarm-editor/internal/api/workspace.go:433.2,433.43 1 1
github.com/swarm-editor/swarm-editor/internal/api/workspace.go:433.43,436.3 2 1
github.com/swarm-editor/swarm-editor/internal/api/workspace.go:437.2,437.41 1 1
github.com/swarm-editor/swarm-editor/internal/api/workspace.go:437.41,440.3 2 0
github.com/swarm-editor/swarm-editor/internal/api/workspace.go:442.2,442.74 1 1
github.com/swarm-editor/swarm-editor/internal/api/workspace.go:442.74,445.3 2 1
github.com/swarm-editor/swarm-editor/internal/api/workspace.go:447.2,447.30 1 1
github.com/swarm-editor/swarm-editor/internal/api/workspace.go:451.85,453.23 2 1
github.com/swarm-editor/swarm-editor/internal/api/workspace.go:453.23,456.3 2 1
github.com/swarm-editor/swarm-editor/internal/api/workspace.go:458.2,463.29 2 1
github.com/swarm-editor/swarm-editor/internal/api/workspace.go:463.29,465.3 1 1
github.com/swarm-editor/swarm-editor/internal/api/workspace.go:467.2,467.43 1 1
github.com/swarm-editor/swarm-editor/internal/api/workspace.go:467.43,470.3 2 1
github.com/swarm-editor/swarm-editor/internal/api/workspace.go:471.2,471.41 1 1
github.com/swarm-editor/swarm-editor/internal/api/workspace.go:471.41,474.3 2 1
github.com/swarm-editor/swarm-editor/internal/api/workspace.go:476.2,476.76 1 1
github.com/swarm-editor/swarm-editor/internal/api/workspace.go:476.76,479.3 2 1
github.com/swarm-editor/swarm-editor/internal/api/workspace.go:481.2,481.30 1 1
github.com/swarm-editor/swarm-editor/internal/api/workspace.go:485.87,487.23 2 1
github.com/swarm-editor/swarm-editor/internal/api/workspace.go:487.23,490.3 2 0
github.com/swarm-editor/swarm-editor/internal/api/workspace.go:492.2,499.29 2 1
github.com/swarm-editor/swarm-editor/internal/api/workspace.go:499.29,501.3 1 0
github.com/swarm-editor/swarm-editor/internal/api/workspace.go:503.2,503.41 1 1
github.com/swarm-editor/swarm-editor/internal/api/workspace.go:503.41,506.3 2 1
github.com/swarm-editor/swarm-editor/internal/api/workspace.go:508.2,514.72 2 1
github.com/swarm-editor/swarm-editor/internal/api/workspace.go:514.72,517.3 2 1
github.com/swarm-editor/swarm-editor/internal/api/workspace.go:519.2,519.30 1 1
github.com/swarm-editor/swarm-editor/internal/api/workspace.go:523.85,525.23 2 1
github.com/swarm-editor/swarm-editor/internal/api/workspace.go:525.23,528.3 2 0
github.com/swarm-editor/swarm-editor/internal/api/workspace.go:530.2,531.16 2 1
github.com/swarm-editor/swarm-editor/internal/api/workspace.go:531.16,534.3 2 1
github.com/swarm-editor/swarm-editor/internal/api/workspace.go:536.2,537.59 2 1
github.com/swarm-editor/swarm-editor/internal/api/workspace.go:537.59,539.3 1 0
