mode: set
github.com/swarm-editor/swarm-editor/internal/mcp/client.go:182.46,183.19 1 1
github.com/swarm-editor/swarm-editor/internal/mcp/client.go:183.19,187.3 1 1
github.com/swarm-editor/swarm-editor/internal/mcp/client.go:188.2,188.25 1 1
github.com/swarm-editor/swarm-editor/internal/mcp/client.go:188.25,190.3 1 1
github.com/swarm-editor/swarm-editor/internal/mcp/client.go:192.2,199.3 1 1
github.com/swarm-editor/swarm-editor/internal/mcp/client.go:203.53,207.24 2 1
github.com/swarm-editor/swarm-editor/internal/mcp/client.go:207.24,210.3 2 0
github.com/swarm-editor/swarm-editor/internal/mcp/client.go:213.2,213.58 1 1
github.com/swarm-editor/swarm-editor/internal/mcp/client.go:213.58,216.3 2 0
github.com/swarm-editor/swarm-editor/internal/mcp/client.go:219.2,224.33 4 1
github.com/swarm-editor/swarm-editor/internal/mcp/client.go:224.33,226.3 1 0
github.com/swarm-editor/swarm-editor/internal/mcp/client.go:229.2,234.16 4 1
github.com/swarm-editor/swarm-editor/internal/mcp/client.go:234.16,238.3 3 0
github.com/swarm-editor/swarm-editor/internal/mcp/client.go:239.2,242.16 3 1
github.com/swarm-editor/swarm-editor/internal/mcp/client.go:242.16,247.3 4 0
github.com/swarm-editor/swarm-editor/internal/mcp/client.go:248.2,251.16 3 1
github.com/swarm-editor/swarm-editor/internal/mcp/client.go:251.16,257.3 5 0
github.com/swarm-editor/swarm-editor/internal/mcp/client.go:258.2,261.38 2 1
github.com/swarm-editor/swarm-editor/internal/mcp/client.go:261.38,269.3 6 0
github.com/swarm-editor/swarm-editor/internal/mcp/client.go:271.2,284.49 8 1
github.com/swarm-editor/swarm-editor/internal/mcp/client.go:284.49,287.3 2 0
github.com/swarm-editor/swarm-editor/internal/mcp/client.go:290.2,290.49 1 1
github.com/swarm-editor/swarm-editor/internal/mcp/client.go:290.49,293.3 2 0
github.com/swarm-editor/swarm-editor/internal/mcp/client.go:295.2,297.12 3 1
github.com/swarm-editor/swarm-editor/internal/mcp/client.go:301.56,316.70 3 1
github.com/swarm-editor/swarm-editor/internal/mcp/client.go:316.70,318.3 1 0
github.com/swarm-editor/swarm-editor/internal/mcp/client.go:320.2,325.56 4 1
github.com/swarm-editor/swarm-editor/internal/mcp/client.go:329.56,334.66 2 1
github.com/swarm-editor/swarm-editor/internal/mcp/client.go:334.66,336.3 1 0
github.com/swarm-editor/swarm-editor/internal/mcp/client.go:338.2,342.38 4 1
github.com/swarm-editor/swarm-editor/internal/mcp/client.go:342.38,344.3 1 1
github.com/swarm-editor/swarm-editor/internal/mcp/client.go:346.2,346.12 1 1
github.com/swarm-editor/swarm-editor/internal/mcp/client.go:350.37,359.24 5 1
github.com/swarm-editor/swarm-editor/internal/mcp/client.go:359.24,361.3 1 1
github.com/swarm-editor/swarm-editor/internal/mcp/client.go:364.2,364.20 1 1
github.com/swarm-editor/swarm-editor/internal/mcp/client.go:364.20,367.3 2 1
github.com/swarm-editor/swarm-editor/internal/mcp/client.go:368.2,368.21 1 1
github.com/swarm-editor/swarm-editor/internal/mcp/client.go:368.21,371.3 2 1
github.com/swarm-editor/swarm-editor/internal/mcp/client.go:372.2,372.21 1 1
github.com/swarm-editor/swarm-editor/internal/mcp/client.go:372.21,375.3 2 1
github.com/swarm-editor/swarm-editor/internal/mcp/client.go:378.2,381.22 2 1
github.com/swarm-editor/swarm-editor/internal/mcp/client.go:381.22,387.13 4 1
github.com/swarm-editor/swarm-editor/internal/mcp/client.go:387.13,388.17 1 1
github.com/swarm-editor/swarm-editor/internal/mcp/client.go:388.17,389.33 1 1
github.com/swarm-editor/swarm-editor/internal/mcp/client.go:389.33,391.6 1 0
github.com/swarm-editor/swarm-editor/internal/mcp/client.go:393.4,394.15 2 1
github.com/swarm-editor/swarm-editor/internal/mcp/client.go:397.3,397.10 1 1
github.com/swarm-editor/swarm-editor/internal/mcp/client.go:398.15,398.15 0 1
github.com/swarm-editor/swarm-editor/internal/mcp/client.go:400.29,402.43 1 0
github.com/swarm-editor/swarm-editor/internal/mcp/client.go:402.43,404.5 1 0
github.com/swarm-editor/swarm-editor/internal/mcp/client.go:405.4,405.10 1 0
github.com/swarm-editor/swarm-editor/internal/mcp/client.go:407.3,407.18 1 1
github.com/swarm-editor/swarm-editor/internal/mcp/client.go:411.2,411.31 1 1
github.com/swarm-editor/swarm-editor/internal/mcp/client.go:411.31,413.3 1 0
github.com/swarm-editor/swarm-editor/internal/mcp/client.go:414.2,416.12 2 1
github.com/swarm-editor/swarm-editor/internal/mcp/client.go:420.35,422.15 2 1
github.com/swarm-editor/swarm-editor/internal/mcp/client.go:422.15,423.31 1 1
github.com/swarm-editor/swarm-editor/internal/mcp/client.go:423.31,425.4 1 0
github.com/swarm-editor/swarm-editor/internal/mcp/client.go:427.2,429.6 2 1
github.com/swarm-editor/swarm-editor/internal/mcp/client.go:429.6,431.46 2 1
github.com/swarm-editor/swarm-editor/internal/mcp/client.go:431.46,432.26 1 1
github.com/swarm-editor/swarm-editor/internal/mcp/client.go:432.26,434.5 1 1
github.com/swarm-editor/swarm-editor/internal/mcp/client.go:435.4,435.9 1 1
github.com/swarm-editor/swarm-editor/internal/mcp/client.go:438.3,438.24 1 1
github.com/swarm-editor/swarm-editor/internal/mcp/client.go:443.33,445.15 2 1
github.com/swarm-editor/swarm-editor/internal/mcp/client.go:445.15,446.31 1 1
github.com/swarm-editor/swarm-editor/internal/mcp/client.go:446.31,448.4 1 0
github.com/swarm-editor/swarm-editor/internal/mcp/client.go:450.2,451.6 2 1
github.com/swarm-editor/swarm-editor/internal/mcp/client.go:451.6,453.17 2 1
github.com/swarm-editor/swarm-editor/internal/mcp/client.go:453.17,455.26 1 1
github.com/swarm-editor/swarm-editor/internal/mcp/client.go:455.26,457.5 1 0
github.com/swarm-editor/swarm-editor/internal/mcp/client.go:458.4,458.9 1 1
github.com/swarm-editor/swarm-editor/internal/mcp/client.go:461.3,461.12 1 0
github.com/swarm-editor/swarm-editor/internal/mcp/client.go:461.12,463.4 1 0
github.com/swarm-editor/swarm-editor/internal/mcp/client.go:468.50,470.39 1 1
github.com/swarm-editor/swarm-editor/internal/mcp/client.go:470.39,475.9 4 1
github.com/swarm-editor/swarm-editor/internal/mcp/client.go:475.9,478.11 1 1
github.com/swarm-editor/swarm-editor/internal/mcp/client.go:478.11,479.18 1 1
github.com/swarm-editor/swarm-editor/internal/mcp/client.go:479.18,480.34 1 1
github.com/swarm-editor/swarm-editor/internal/mcp/client.go:480.35,482.7 0 0
github.com/swarm-editor/swarm-editor/internal/mcp/client.go:484.5,484.12 1 1
github.com/swarm-editor/swarm-editor/internal/mcp/client.go:485.20,485.20 0 1
github.com/swarm-editor/swarm-editor/internal/mcp/client.go:486.13,486.13 0 0
github.com/swarm-editor/swarm-editor/internal/mcp/client.go:496.89,505.15 7 1
github.com/swarm-editor/swarm-editor/internal/mcp/client.go:505.15,507.33 2 1
github.com/swarm-editor/swarm-editor/internal/mcp/client.go:507.33,513.4 2 1
github.com/swarm-editor/swarm-editor/internal/mcp/client.go:515.3,515.16 1 1
github.com/swarm-editor/swarm-editor/internal/mcp/client.go:519.2,521.16 3 1
github.com/swarm-editor/swarm-editor/internal/mcp/client.go:521.16,523.3 1 0
github.com/swarm-editor/swarm-editor/internal/mcp/client.go:526.2,527.16 2 1
github.com/swarm-editor/swarm-editor/internal/mcp/client.go:527.16,529.3 1 0
github.com/swarm-editor/swarm-editor/internal/mcp/client.go:532.2,535.20 3 1
github.com/swarm-editor/swarm-editor/internal/mcp/client.go:535.20,538.3 2 0
github.com/swarm-editor/swarm-editor/internal/mcp/client.go:539.2,539.47 1 1
github.com/swarm-editor/swarm-editor/internal/mcp/client.go:539.47,542.3 2 0
github.com/swarm-editor/swarm-editor/internal/mcp/client.go:543.2,546.9 2 1
github.com/swarm-editor/swarm-editor/internal/mcp/client.go:547.29,548.23 1 1
github.com/swarm-editor/swarm-editor/internal/mcp/client.go:548.23,550.4 1 0
github.com/swarm-editor/swarm-editor/internal/mcp/client.go:551.3,551.20 1 1
github.com/swarm-editor/swarm-editor/internal/mcp/client.go:551.20,553.4 1 1
github.com/swarm-editor/swarm-editor/internal/mcp/client.go:554.3,554.13 1 1
github.com/swarm-editor/swarm-editor/internal/mcp/client.go:555.20,556.19 1 0
github.com/swarm-editor/swarm-editor/internal/mcp/client.go:561.79,563.16 2 1
github.com/swarm-editor/swarm-editor/internal/mcp/client.go:563.16,565.3 1 0
github.com/swarm-editor/swarm-editor/internal/mcp/client.go:567.2,568.16 2 1
github.com/swarm-editor/swarm-editor/internal/mcp/client.go:568.16,570.3 1 0
github.com/swarm-editor/swarm-editor/internal/mcp/client.go:572.2,575.20 3 1
github.com/swarm-editor/swarm-editor/internal/mcp/client.go:575.20,577.3 1 0
github.com/swarm-editor/swarm-editor/internal/mcp/client.go:580.2,581.47 2 1
github.com/swarm-editor/swarm-editor/internal/mcp/client.go:581.47,583.3 1 0
github.com/swarm-editor/swarm-editor/internal/mcp/client.go:584.2,584.12 1 1
github.com/swarm-editor/swarm-editor/internal/mcp/client.go:588.42,589.14 1 1
github.com/swarm-editor/swarm-editor/internal/mcp/client.go:589.14,591.3 1 1
github.com/swarm-editor/swarm-editor/internal/mcp/client.go:592.2,592.10 1 0
github.com/swarm-editor/swarm-editor/internal/mcp/client.go:596.37,601.31 4 1
github.com/swarm-editor/swarm-editor/internal/mcp/client.go:601.31,603.3 1 1
github.com/swarm-editor/swarm-editor/internal/mcp/client.go:604.2,604.14 1 1
github.com/swarm-editor/swarm-editor/internal/mcp/client.go:608.52,613.9 4 1
github.com/swarm-editor/swarm-editor/internal/mcp/client.go:613.9,615.3 1 1
github.com/swarm-editor/swarm-editor/internal/mcp/client.go:617.2,618.42 2 1
github.com/swarm-editor/swarm-editor/internal/mcp/client.go:618.42,620.49 2 1
github.com/swarm-editor/swarm-editor/internal/mcp/client.go:620.49,622.4 1 1
github.com/swarm-editor/swarm-editor/internal/mcp/client.go:624.2,624.40 1 1
github.com/swarm-editor/swarm-editor/internal/mcp/client.go:624.40,627.3 2 1
github.com/swarm-editor/swarm-editor/internal/mcp/client.go:628.2,628.23 1 1
github.com/swarm-editor/swarm-editor/internal/mcp/client.go:632.103,633.25 1 1
github.com/swarm-editor/swarm-editor/internal/mcp/client.go:633.25,635.3 1 1
github.com/swarm-editor/swarm-editor/internal/mcp/client.go:638.2,638.35 1 1
github.com/swarm-editor/swarm-editor/internal/mcp/client.go:638.35,640.3 1 1
github.com/swarm-editor/swarm-editor/internal/mcp/client.go:643.2,652.71 3 1
github.com/swarm-editor/swarm-editor/internal/mcp/client.go:652.71,654.3 1 0
github.com/swarm-editor/swarm-editor/internal/mcp/client.go:656.2,656.21 1 1
github.com/swarm-editor/swarm-editor/internal/mcp/client.go:660.37,662.2 1 1
github.com/swarm-editor/swarm-editor/internal/mcp/client.go:665.39,667.2 1 1
github.com/swarm-editor/swarm-editor/internal/mcp/client.go:670.56,673.27 3 1
github.com/swarm-editor/swarm-editor/internal/mcp/client.go:673.27,675.3 1 0
github.com/swarm-editor/swarm-editor/internal/mcp/client.go:677.2,678.33 2 1
github.com/swarm-editor/swarm-editor/internal/mcp/client.go:678.33,681.3 2 1
github.com/swarm-editor/swarm-editor/internal/mcp/client.go:682.2,682.37 1 1
github.com/swarm-editor/swarm-editor/internal/mcp/client.go:682.37,685.3 2 1
github.com/swarm-editor/swarm-editor/internal/mcp/client.go:686.2,686.35 1 1
github.com/swarm-editor/swarm-editor/internal/mcp/client.go:686.35,689.3 2 1
github.com/swarm-editor/swarm-editor/internal/mcp/client.go:690.2,690.18 1 1
github.com/swarm-editor/swarm-editor/internal/mcp/client.go:694.79,699.70 2 1
github.com/swarm-editor/swarm-editor/internal/mcp/client.go:699.70,701.3 1 0
github.com/swarm-editor/swarm-editor/internal/mcp/client.go:703.2,707.41 4 1
github.com/swarm-editor/swarm-editor/internal/mcp/client.go:707.41,709.3 1 0
github.com/swarm-editor/swarm-editor/internal/mcp/client.go:711.2,711.32 1 1
github.com/swarm-editor/swarm-editor/internal/mcp/client.go:715.85,716.25 1 0
github.com/swarm-editor/swarm-editor/internal/mcp/client.go:716.25,718.3 1 0
github.com/swarm-editor/swarm-editor/internal/mcp/client.go:720.2,727.71 3 0
github.com/swarm-editor/swarm-editor/internal/mcp/client.go:727.71,729.3 1 0
github.com/swarm-editor/swarm-editor/internal/mcp/client.go:731.2,731.21 1 0
github.com/swarm-editor/swarm-editor/internal/mcp/client.go:735.75,740.68 2 1
github.com/swarm-editor/swarm-editor/internal/mcp/client.go:740.68,742.3 1 0
github.com/swarm-editor/swarm-editor/internal/mcp/client.go:744.2,748.42 4 1
github.com/swarm-editor/swarm-editor/internal/mcp/client.go:748.42,750.3 1 0
github.com/swarm-editor/swarm-editor/internal/mcp/client.go:752.2,752.30 1 1
github.com/swarm-editor/swarm-editor/internal/mcp/client.go:756.107,757.25 1 0
github.com/swarm-editor/swarm-editor/internal/mcp/client.go:757.25,759.3 1 0
github.com/swarm-editor/swarm-editor/internal/mcp/client.go:761.2,770.68 3 0
github.com/swarm-editor/swarm-editor/internal/mcp/client.go:770.68,772.3 1 0
github.com/swarm-editor/swarm-editor/internal/mcp/client.go:774.2,774.21 1 0
github.com/swarm-editor/swarm-editor/internal/mcp/client.go:778.50,780.2 1 1
github.com/swarm-editor/swarm-editor/internal/mcp/client.go:796.35,798.2 1 1
github.com/swarm-editor/swarm-editor/internal/mcp/client.go:822.44,823.19 1 1
github.com/swarm-editor/swarm-editor/internal/mcp/client.go:823.19,825.3 1 0
github.com/swarm-editor/swarm-editor/internal/mcp/client.go:828.2,829.41 2 1
github.com/swarm-editor/swarm-editor/internal/mcp/client.go:829.41,830.46 1 1
github.com/swarm-editor/swarm-editor/internal/mcp/client.go:830.46,832.9 2 0
github.com/swarm-editor/swarm-editor/internal/mcp/client.go:837.2,838.20 2 1
github.com/swarm-editor/swarm-editor/internal/mcp/client.go:838.20,840.3 1 1
github.com/swarm-editor/swarm-editor/internal/mcp/client.go:843.2,843.23 1 1
github.com/swarm-editor/swarm-editor/internal/mcp/client.go:843.23,847.3 2 0
github.com/swarm-editor/swarm-editor/internal/mcp/client.go:849.2,849.12 1 1
github.com/swarm-editor/swarm-editor/internal/mcp/health.go:49.67,50.19 1 1
github.com/swarm-editor/swarm-editor/internal/mcp/health.go:50.19,52.3 1 1
github.com/swarm-editor/swarm-editor/internal/mcp/health.go:53.2,53.26 1 1
github.com/swarm-editor/swarm-editor/internal/mcp/health.go:53.26,55.3 1 1
github.com/swarm-editor/swarm-editor/internal/mcp/health.go:56.2,56.25 1 1
github.com/swarm-editor/swarm-editor/internal/mcp/health.go:56.25,58.3 1 1
github.com/swarm-editor/swarm-editor/internal/mcp/health.go:60.2,66.3 1 1
github.com/swarm-editor/swarm-editor/internal/mcp/health.go:70.34,72.16 2 1
github.com/swarm-editor/swarm-editor/internal/mcp/health.go:72.16,75.3 2 0
github.com/swarm-editor/swarm-editor/internal/mcp/health.go:77.2,81.19 4 1
github.com/swarm-editor/swarm-editor/internal/mcp/health.go:85.33,89.17 3 1
github.com/swarm-editor/swarm-editor/internal/mcp/health.go:89.17,91.3 1 0
github.com/swarm-editor/swarm-editor/internal/mcp/health.go:93.2,94.20 2 1
github.com/swarm-editor/swarm-editor/internal/mcp/health.go:98.38,102.6 3 1
github.com/swarm-editor/swarm-editor/internal/mcp/health.go:102.6,103.10 1 1
github.com/swarm-editor/swarm-editor/internal/mcp/health.go:104.22,105.10 1 1
github.com/swarm-editor/swarm-editor/internal/mcp/health.go:106.19,107.17 1 1
github.com/swarm-editor/swarm-editor/internal/mcp/health.go:113.37,116.32 3 1
github.com/swarm-editor/swarm-editor/internal/mcp/health.go:116.32,118.3 1 1
github.com/swarm-editor/swarm-editor/internal/mcp/health.go:119.2,121.35 2 1
github.com/swarm-editor/swarm-editor/internal/mcp/health.go:121.35,125.42 2 1
github.com/swarm-editor/swarm-editor/internal/mcp/health.go:125.42,127.4 1 1
github.com/swarm-editor/swarm-editor/internal/mcp/health.go:128.3,128.17 1 1
github.com/swarm-editor/swarm-editor/internal/mcp/health.go:133.89,146.16 7 1
github.com/swarm-editor/swarm-editor/internal/mcp/health.go:146.16,149.3 2 1
github.com/swarm-editor/swarm-editor/internal/mcp/health.go:149.8,157.3 2 1
github.com/swarm-editor/swarm-editor/internal/mcp/health.go:159.2,159.15 1 1
github.com/swarm-editor/swarm-editor/internal/mcp/health.go:163.80,164.27 1 1
github.com/swarm-editor/swarm-editor/internal/mcp/health.go:164.27,166.3 1 1
github.com/swarm-editor/swarm-editor/internal/mcp/health.go:167.2,167.25 1 1
github.com/swarm-editor/swarm-editor/internal/mcp/health.go:171.69,175.47 3 1
github.com/swarm-editor/swarm-editor/internal/mcp/health.go:175.47,178.3 2 1
github.com/swarm-editor/swarm-editor/internal/mcp/health.go:179.2,179.12 1 1
github.com/swarm-editor/swarm-editor/internal/mcp/health.go:183.68,188.32 4 1
github.com/swarm-editor/swarm-editor/internal/mcp/health.go:188.32,191.3 2 1
github.com/swarm-editor/swarm-editor/internal/mcp/health.go:192.2,192.15 1 1
github.com/swarm-editor/swarm-editor/internal/mcp/health.go:196.60,204.2 3 1
github.com/swarm-editor/swarm-editor/internal/mcp/health.go:207.62,212.2 3 1
github.com/swarm-editor/swarm-editor/internal/mcp/health.go:215.80,223.82 6 1
github.com/swarm-editor/swarm-editor/internal/mcp/health.go:223.82,225.3 1 1
github.com/swarm-editor/swarm-editor/internal/mcp/mock_server.go:39.73,40.19 1 1
github.com/swarm-editor/swarm-editor/internal/mcp/mock_server.go:40.19,59.3 1 1
github.com/swarm-editor/swarm-editor/internal/mcp/mock_server.go:62.2,63.16 2 1
github.com/swarm-editor/swarm-editor/internal/mcp/mock_server.go:63.16,65.3 1 0
github.com/swarm-editor/swarm-editor/internal/mcp/mock_server.go:67.2,78.20 3 1
github.com/swarm-editor/swarm-editor/internal/mcp/mock_server.go:82.31,83.6 1 1
github.com/swarm-editor/swarm-editor/internal/mcp/mock_server.go:83.6,85.17 2 1
github.com/swarm-editor/swarm-editor/internal/mcp/mock_server.go:85.17,87.16 2 1
github.com/swarm-editor/swarm-editor/internal/mcp/mock_server.go:87.16,90.5 2 1
github.com/swarm-editor/swarm-editor/internal/mcp/mock_server.go:91.4,92.12 2 0
github.com/swarm-editor/swarm-editor/internal/mcp/mock_server.go:95.3,95.30 1 1
github.com/swarm-editor/swarm-editor/internal/mcp/mock_server.go:100.57,104.21 3 1
github.com/swarm-editor/swarm-editor/internal/mcp/mock_server.go:104.21,106.21 2 0
github.com/swarm-editor/swarm-editor/internal/mcp/mock_server.go:106.21,107.12 1 0
github.com/swarm-editor/swarm-editor/internal/mcp/mock_server.go:110.3,111.52 2 0
github.com/swarm-editor/swarm-editor/internal/mcp/mock_server.go:111.52,112.12 1 0
github.com/swarm-editor/swarm-editor/internal/mcp/mock_server.go:115.3,117.22 2 0
github.com/swarm-editor/swarm-editor/internal/mcp/mock_server.go:117.22,121.54 4 0
github.com/swarm-editor/swarm-editor/internal/mcp/mock_server.go:121.54,123.5 1 0
github.com/swarm-editor/swarm-editor/internal/mcp/mock_server.go:129.74,136.29 3 0
github.com/swarm-editor/swarm-editor/internal/mcp/mock_server.go:136.29,138.3 1 0
github.com/swarm-editor/swarm-editor/internal/mcp/mock_server.go:140.2,140.16 1 0
github.com/swarm-editor/swarm-editor/internal/mcp/mock_server.go:141.20,153.4 1 0
github.com/swarm-editor/swarm-editor/internal/mcp/mock_server.go:155.20,158.4 1 0
github.com/swarm-editor/swarm-editor/internal/mcp/mock_server.go:160.20,170.4 1 0
github.com/swarm-editor/swarm-editor/internal/mcp/mock_server.go:172.24,175.4 1 0
github.com/swarm-editor/swarm-editor/internal/mcp/mock_server.go:177.24,185.4 1 0
github.com/swarm-editor/swarm-editor/internal/mcp/mock_server.go:187.22,190.4 1 0
github.com/swarm-editor/swarm-editor/internal/mcp/mock_server.go:192.21,200.4 1 0
github.com/swarm-editor/swarm-editor/internal/mcp/mock_server.go:202.14,203.40 1 0
github.com/swarm-editor/swarm-editor/internal/mcp/mock_server.go:205.10,207.36 1 0
github.com/swarm-editor/swarm-editor/internal/mcp/mock_server.go:207.36,209.4 1 0
github.com/swarm-editor/swarm-editor/internal/mcp/mock_server.go:212.2,212.17 1 0
github.com/swarm-editor/swarm-editor/internal/mcp/mock_server.go:216.45,219.2 1 1
github.com/swarm-editor/swarm-editor/internal/mcp/mock_server.go:222.42,224.2 1 1
github.com/swarm-editor/swarm-editor/internal/mcp/mock_server.go:227.39,231.14 3 1
github.com/swarm-editor/swarm-editor/internal/mcp/mock_server.go:231.14,233.3 1 1
github.com/swarm-editor/swarm-editor/internal/mcp/mock_server.go:235.2,236.27 2 1
github.com/swarm-editor/swarm-editor/internal/mcp/mock_server.go:240.46,242.26 1 1
github.com/swarm-editor/swarm-editor/internal/mcp/mock_server.go:242.26,244.17 2 1
github.com/swarm-editor/swarm-editor/internal/mcp/mock_server.go:244.17,247.4 2 1
github.com/swarm-editor/swarm-editor/internal/mcp/mock_server.go:248.3,248.36 1 0
github.com/swarm-editor/swarm-editor/internal/mcp/mock_server.go:250.2,250.39 1 0
github.com/swarm-editor/swarm-editor/internal/mcp/mock_server.go:256.48,304.2 2 1
github.com/swarm-editor/swarm-editor/internal/mcp/mock_server.go:307.68,308.59 1 1
github.com/swarm-editor/swarm-editor/internal/mcp/mock_server.go:308.59,310.3 1 0
github.com/swarm-editor/swarm-editor/internal/mcp/mock_server.go:312.2,316.8 1 1
github.com/swarm-editor/swarm-editor/internal/mcp/mock_server.go:334.31,338.6 3 1
github.com/swarm-editor/swarm-editor/internal/mcp/mock_server.go:338.6,339.10 1 1
github.com/swarm-editor/swarm-editor/internal/mcp/mock_server.go:340.19,341.10 1 1
github.com/swarm-editor/swarm-editor/internal/mcp/mock_server.go:342.11,342.11 0 1
github.com/swarm-editor/swarm-editor/internal/mcp/mock_server.go:345.3,346.46 2 1
github.com/swarm-editor/swarm-editor/internal/mcp/mock_server.go:346.46,347.12 1 0
github.com/swarm-editor/swarm-editor/internal/mcp/mock_server.go:350.3,351.22 2 1
github.com/swarm-editor/swarm-editor/internal/mcp/mock_server.go:351.22,352.51 1 1
github.com/swarm-editor/swarm-editor/internal/mcp/mock_server.go:352.51,354.5 1 0
github.com/swarm-editor/swarm-editor/internal/mcp/mock_server.go:359.75,366.29 3 1
github.com/swarm-editor/swarm-editor/internal/mcp/mock_server.go:366.29,368.3 1 1
github.com/swarm-editor/swarm-editor/internal/mcp/mock_server.go:370.2,370.16 1 1
github.com/swarm-editor/swarm-editor/internal/mcp/mock_server.go:371.20,383.4 1 1
github.com/swarm-editor/swarm-editor/internal/mcp/mock_server.go:385.20,388.4 1 1
github.com/swarm-editor/swarm-editor/internal/mcp/mock_server.go:390.20,399.4 1 1
github.com/swarm-editor/swarm-editor/internal/mcp/mock_server.go:401.14,402.40 1 1
github.com/swarm-editor/swarm-editor/internal/mcp/mock_server.go:405.2,405.17 1 1
github.com/swarm-editor/swarm-editor/internal/mcp/mock_server.go:408.33,412.2 3 1
github.com/swarm-editor/swarm-editor/internal/mcp/mock_server.go:424.71,425.18 1 1
github.com/swarm-editor/swarm-editor/internal/mcp/mock_server.go:425.18,442.3 1 1
github.com/swarm-editor/swarm-editor/internal/mcp/mock_server.go:446.2,473.53 6 1
github.com/swarm-editor/swarm-editor/internal/mcp/mock_server.go:473.53,476.3 2 0
github.com/swarm-editor/swarm-editor/internal/mcp/mock_server.go:478.2,478.26 1 1
github.com/swarm-editor/swarm-editor/internal/mcp/mock_server.go:482.49,487.40 3 1
github.com/swarm-editor/swarm-editor/internal/mcp/mock_server.go:487.40,489.3 1 1
github.com/swarm-editor/swarm-editor/internal/mcp/mock_server.go:491.2,491.12 1 1
github.com/swarm-editor/swarm-editor/internal/mcp/mock_server.go:514.54,516.2 1 1
github.com/swarm-editor/swarm-editor/internal/mcp/mock_server.go:518.40,520.2 1 0
github.com/swarm-editor/swarm-editor/internal/mcp/prompt.go:50.40,54.2 1 1
github.com/swarm-editor/swarm-editor/internal/mcp/prompt.go:57.63,63.2 4 1
github.com/swarm-editor/swarm-editor/internal/mcp/prompt.go:66.56,71.2 3 1
github.com/swarm-editor/swarm-editor/internal/mcp/prompt.go:74.49,79.31 4 1
github.com/swarm-editor/swarm-editor/internal/mcp/prompt.go:79.31,81.3 1 1
github.com/swarm-editor/swarm-editor/internal/mcp/prompt.go:82.2,82.16 1 1
github.com/swarm-editor/swarm-editor/internal/mcp/prompt.go:86.65,91.9 4 1
github.com/swarm-editor/swarm-editor/internal/mcp/prompt.go:91.9,93.3 1 1
github.com/swarm-editor/swarm-editor/internal/mcp/prompt.go:94.2,94.16 1 1
github.com/swarm-editor/swarm-editor/internal/mcp/prompt.go:98.123,103.9 4 1
github.com/swarm-editor/swarm-editor/internal/mcp/prompt.go:103.9,105.3 1 1
github.com/swarm-editor/swarm-editor/internal/mcp/prompt.go:108.2,108.39 1 1
github.com/swarm-editor/swarm-editor/internal/mcp/prompt.go:108.39,109.19 1 1
github.com/swarm-editor/swarm-editor/internal/mcp/prompt.go:109.19,110.36 1 1
github.com/swarm-editor/swarm-editor/internal/mcp/prompt.go:110.36,115.5 1 1
github.com/swarm-editor/swarm-editor/internal/mcp/prompt.go:120.2,120.27 1 1
github.com/swarm-editor/swarm-editor/internal/mcp/prompt.go:120.27,122.3 1 1
github.com/swarm-editor/swarm-editor/internal/mcp/prompt.go:125.2,125.27 1 1
github.com/swarm-editor/swarm-editor/internal/mcp/prompt.go:125.27,127.3 1 1
github.com/swarm-editor/swarm-editor/internal/mcp/prompt.go:129.2,129.36 1 0
github.com/swarm-editor/swarm-editor/internal/mcp/prompt.go:133.107,135.16 2 1
github.com/swarm-editor/swarm-editor/internal/mcp/prompt.go:135.16,137.3 1 0
github.com/swarm-editor/swarm-editor/internal/mcp/prompt.go:139.2,140.49 2 1
github.com/swarm-editor/swarm-editor/internal/mcp/prompt.go:140.49,142.3 1 0
github.com/swarm-editor/swarm-editor/internal/mcp/prompt.go:144.2,152.8 1 1
github.com/swarm-editor/swarm-editor/internal/mcp/prompt.go:232.48,236.2 3 1
github.com/swarm-editor/swarm-editor/internal/mcp/resource.go:71.44,78.2 1 1
github.com/swarm-editor/swarm-editor/internal/mcp/resource.go:81.71,87.2 4 1
github.com/swarm-editor/swarm-editor/internal/mcp/resource.go:90.59,95.2 3 1
github.com/swarm-editor/swarm-editor/internal/mcp/resource.go:98.79,104.2 4 1
github.com/swarm-editor/swarm-editor/internal/mcp/resource.go:107.88,112.2 3 1
github.com/swarm-editor/swarm-editor/internal/mcp/resource.go:115.106,121.33 4 1
github.com/swarm-editor/swarm-editor/internal/mcp/resource.go:121.33,123.3 1 1
github.com/swarm-editor/swarm-editor/internal/mcp/resource.go:126.2,126.38 1 1
github.com/swarm-editor/swarm-editor/internal/mcp/resource.go:126.38,128.17 2 1
github.com/swarm-editor/swarm-editor/internal/mcp/resource.go:128.17,129.12 1 0
github.com/swarm-editor/swarm-editor/internal/mcp/resource.go:131.3,132.23 2 1
github.com/swarm-editor/swarm-editor/internal/mcp/resource.go:132.23,134.4 1 0
github.com/swarm-editor/swarm-editor/internal/mcp/resource.go:137.2,137.31 1 1
github.com/swarm-editor/swarm-editor/internal/mcp/resource.go:141.63,146.33 4 1
github.com/swarm-editor/swarm-editor/internal/mcp/resource.go:146.33,148.3 1 1
github.com/swarm-editor/swarm-editor/internal/mcp/resource.go:149.2,149.18 1 1
github.com/swarm-editor/swarm-editor/internal/mcp/resource.go:153.100,158.43 3 1
github.com/swarm-editor/swarm-editor/internal/mcp/resource.go:158.43,163.3 1 1
github.com/swarm-editor/swarm-editor/internal/mcp/resource.go:166.2,166.44 1 1
github.com/swarm-editor/swarm-editor/internal/mcp/resource.go:166.44,167.35 1 1
github.com/swarm-editor/swarm-editor/internal/mcp/resource.go:167.35,169.4 1 1
github.com/swarm-editor/swarm-editor/internal/mcp/resource.go:172.2,172.33 1 1
github.com/swarm-editor/swarm-editor/internal/mcp/resource.go:176.102,180.54 3 1
github.com/swarm-editor/swarm-editor/internal/mcp/resource.go:180.54,182.3 1 0
github.com/swarm-editor/swarm-editor/internal/mcp/resource.go:184.2,188.44 3 1
github.com/swarm-editor/swarm-editor/internal/mcp/resource.go:188.44,189.35 1 0
github.com/swarm-editor/swarm-editor/internal/mcp/resource.go:189.35,192.11 1 0
github.com/swarm-editor/swarm-editor/internal/mcp/resource.go:192.11,194.19 2 0
github.com/swarm-editor/swarm-editor/internal/mcp/resource.go:194.19,196.16 2 0
github.com/swarm-editor/swarm-editor/internal/mcp/resource.go:196.16,198.20 2 0
github.com/swarm-editor/swarm-editor/internal/mcp/resource.go:198.20,199.36 1 0
github.com/swarm-editor/swarm-editor/internal/mcp/resource.go:199.36,201.9 1 0
github.com/swarm-editor/swarm-editor/internal/mcp/resource.go:203.7,203.37 1 0
github.com/swarm-editor/swarm-editor/internal/mcp/resource.go:203.37,205.8 1 0
github.com/swarm-editor/swarm-editor/internal/mcp/resource.go:212.2,212.16 1 1
github.com/swarm-editor/swarm-editor/internal/mcp/resource.go:216.78,221.36 4 1
github.com/swarm-editor/swarm-editor/internal/mcp/resource.go:221.36,222.18 1 1
github.com/swarm-editor/swarm-editor/internal/mcp/resource.go:222.18,227.37 3 1
github.com/swarm-editor/swarm-editor/internal/mcp/resource.go:227.37,229.5 1 1
github.com/swarm-editor/swarm-editor/internal/mcp/resource.go:230.4,230.10 1 1
github.com/swarm-editor/swarm-editor/internal/mcp/resource.go:236.36,239.47 2 1
github.com/swarm-editor/swarm-editor/internal/mcp/resource.go:239.47,240.34 1 1
github.com/swarm-editor/swarm-editor/internal/mcp/resource.go:240.34,242.4 1 1
github.com/swarm-editor/swarm-editor/internal/mcp/resource.go:243.3,243.30 1 1
github.com/swarm-editor/swarm-editor/internal/mcp/resource.go:245.2,248.14 2 1
github.com/swarm-editor/swarm-editor/internal/mcp/resource.go:252.69,259.33 5 1
github.com/swarm-editor/swarm-editor/internal/mcp/resource.go:259.33,260.10 1 1
github.com/swarm-editor/swarm-editor/internal/mcp/resource.go:261.21,261.21 0 1
github.com/swarm-editor/swarm-editor/internal/mcp/resource.go:262.11,262.11 0 0
github.com/swarm-editor/swarm-editor/internal/mcp/resource.go:274.47,276.20 1 1
github.com/swarm-editor/swarm-editor/internal/mcp/resource.go:276.20,278.3 1 1
github.com/swarm-editor/swarm-editor/internal/mcp/resource.go:282.2,282.74 1 1
github.com/swarm-editor/swarm-editor/internal/mcp/resource.go:282.74,284.3 1 1
github.com/swarm-editor/swarm-editor/internal/mcp/resource.go:287.2,287.40 1 1
github.com/swarm-editor/swarm-editor/internal/mcp/resource.go:287.40,289.3 1 1
github.com/swarm-editor/swarm-editor/internal/mcp/resource.go:292.2,293.51 2 1
github.com/swarm-editor/swarm-editor/internal/mcp/resource.go:293.51,295.3 1 1
github.com/swarm-editor/swarm-editor/internal/mcp/resource.go:297.2,298.47 2 1
github.com/swarm-editor/swarm-editor/internal/mcp/resource.go:298.47,300.3 1 1
github.com/swarm-editor/swarm-editor/internal/mcp/resource.go:303.2,303.74 1 1
github.com/swarm-editor/swarm-editor/internal/mcp/resource.go:303.74,305.3 1 1
github.com/swarm-editor/swarm-editor/internal/mcp/resource.go:309.2,312.39 3 1
github.com/swarm-editor/swarm-editor/internal/mcp/resource.go:312.39,314.3 1 0
github.com/swarm-editor/swarm-editor/internal/mcp/resource.go:316.2,316.35 1 1
github.com/swarm-editor/swarm-editor/internal/mcp/resource.go:316.35,321.63 3 1
github.com/swarm-editor/swarm-editor/internal/mcp/resource.go:321.63,323.12 1 1
github.com/swarm-editor/swarm-editor/internal/mcp/resource.go:327.3,327.15 1 1
github.com/swarm-editor/swarm-editor/internal/mcp/resource.go:327.15,329.4 1 0
github.com/swarm-editor/swarm-editor/internal/mcp/resource.go:332.2,332.13 1 1
github.com/swarm-editor/swarm-editor/internal/mcp/resource.go:344.67,346.2 1 1
github.com/swarm-editor/swarm-editor/internal/mcp/resource.go:349.100,354.16 3 1
github.com/swarm-editor/swarm-editor/internal/mcp/resource.go:354.16,356.3 1 0
github.com/swarm-editor/swarm-editor/internal/mcp/resource.go:359.2,359.32 1 1
github.com/swarm-editor/swarm-editor/internal/mcp/resource.go:359.32,370.14 5 1
github.com/swarm-editor/swarm-editor/internal/mcp/resource.go:371.22,372.36 1 1
github.com/swarm-editor/swarm-editor/internal/mcp/resource.go:373.16,374.42 1 1
github.com/swarm-editor/swarm-editor/internal/mcp/resource.go:375.24,376.44 1 0
github.com/swarm-editor/swarm-editor/internal/mcp/resource.go:377.14,378.35 1 1
github.com/swarm-editor/swarm-editor/internal/mcp/resource.go:379.14,380.41 1 0
github.com/swarm-editor/swarm-editor/internal/mcp/resource.go:381.14,382.41 1 1
github.com/swarm-editor/swarm-editor/internal/mcp/resource.go:383.14,384.39 1 1
github.com/swarm-editor/swarm-editor/internal/mcp/resource.go:385.16,386.35 1 1
github.com/swarm-editor/swarm-editor/internal/mcp/resource.go:387.15,388.34 1 1
github.com/swarm-editor/swarm-editor/internal/mcp/resource.go:389.11,390.21 1 1
github.com/swarm-editor/swarm-editor/internal/mcp/resource.go:390.21,392.5 1 1
github.com/swarm-editor/swarm-editor/internal/mcp/resource.go:392.10,394.5 1 1
github.com/swarm-editor/swarm-editor/internal/mcp/resource.go:397.3,397.20 1 1
github.com/swarm-editor/swarm-editor/internal/mcp/resource.go:397.20,399.4 1 1
github.com/swarm-editor/swarm-editor/internal/mcp/resource.go:399.9,401.4 1 1
github.com/swarm-editor/swarm-editor/internal/mcp/resource.go:403.3,403.42 1 1
github.com/swarm-editor/swarm-editor/internal/mcp/resource.go:407.2,407.27 1 1
github.com/swarm-editor/swarm-editor/internal/mcp/resource.go:411.95,413.40 1 1
github.com/swarm-editor/swarm-editor/internal/mcp/resource.go:413.40,415.3 1 0
github.com/swarm-editor/swarm-editor/internal/mcp/resource.go:418.2,423.16 3 1
github.com/swarm-editor/swarm-editor/internal/mcp/resource.go:423.16,425.3 1 1
github.com/swarm-editor/swarm-editor/internal/mcp/resource.go:427.2,428.16 2 1
github.com/swarm-editor/swarm-editor/internal/mcp/resource.go:428.16,430.3 1 0
github.com/swarm-editor/swarm-editor/internal/mcp/resource.go:434.2,434.91 1 1
github.com/swarm-editor/swarm-editor/internal/mcp/resource.go:434.91,436.3 1 1
github.com/swarm-editor/swarm-editor/internal/mcp/resource.go:439.2,440.16 2 1
github.com/swarm-editor/swarm-editor/internal/mcp/resource.go:440.16,442.3 1 0
github.com/swarm-editor/swarm-editor/internal/mcp/resource.go:445.2,447.13 3 1
github.com/swarm-editor/swarm-editor/internal/mcp/resource.go:448.21,449.26 1 1
github.com/swarm-editor/swarm-editor/internal/mcp/resource.go:450.15,451.32 1 1
github.com/swarm-editor/swarm-editor/internal/mcp/resource.go:452.23,453.34 1 0
github.com/swarm-editor/swarm-editor/internal/mcp/resource.go:454.13,455.25 1 0
github.com/swarm-editor/swarm-editor/internal/mcp/resource.go:456.13,457.31 1 0
github.com/swarm-editor/swarm-editor/internal/mcp/resource.go:458.13,459.31 1 0
github.com/swarm-editor/swarm-editor/internal/mcp/resource.go:460.13,461.29 1 0
github.com/swarm-editor/swarm-editor/internal/mcp/resource.go:462.15,463.25 1 0
github.com/swarm-editor/swarm-editor/internal/mcp/resource.go:464.14,465.24 1 0
github.com/swarm-editor/swarm-editor/internal/mcp/resource.go:469.2,473.12 2 1
github.com/swarm-editor/swarm-editor/internal/mcp/resource.go:473.12,479.3 1 1
github.com/swarm-editor/swarm-editor/internal/mcp/resource.go:482.2,486.8 1 0
github.com/swarm-editor/swarm-editor/internal/mcp/server.go:30.46,31.19 1 1
github.com/swarm-editor/swarm-editor/internal/mcp/server.go:31.19,36.3 1 1
github.com/swarm-editor/swarm-editor/internal/mcp/server.go:37.2,42.3 1 1
github.com/swarm-editor/swarm-editor/internal/mcp/server.go:46.69,53.2 5 1
github.com/swarm-editor/swarm-editor/internal/mcp/server.go:56.46,62.2 4 1
github.com/swarm-editor/swarm-editor/internal/mcp/server.go:65.37,70.28 4 1
github.com/swarm-editor/swarm-editor/internal/mcp/server.go:70.28,71.39 1 1
github.com/swarm-editor/swarm-editor/internal/mcp/server.go:71.39,73.4 1 1
github.com/swarm-editor/swarm-editor/internal/mcp/server.go:73.9,75.4 1 0
github.com/swarm-editor/swarm-editor/internal/mcp/server.go:77.2,77.14 1 1
github.com/swarm-editor/swarm-editor/internal/mcp/server.go:81.105,86.9 4 1
github.com/swarm-editor/swarm-editor/internal/mcp/server.go:86.9,88.3 1 1
github.com/swarm-editor/swarm-editor/internal/mcp/server.go:90.2,90.27 1 1
github.com/swarm-editor/swarm-editor/internal/mcp/server.go:94.51,100.2 4 1
github.com/swarm-editor/swarm-editor/internal/mcp/server.go:103.31,109.2 4 1
github.com/swarm-editor/swarm-editor/internal/mcp/server.go:112.35,116.2 3 1
github.com/swarm-editor/swarm-editor/internal/mcp/server.go:119.46,124.2 1 1
github.com/swarm-editor/swarm-editor/internal/mcp/validation.go:20.55,22.2 1 1
github.com/swarm-editor/swarm-editor/internal/mcp/validation.go:25.84,27.43 1 1
github.com/swarm-editor/swarm-editor/internal/mcp/validation.go:27.43,28.36 1 1
github.com/swarm-editor/swarm-editor/internal/mcp/validation.go:28.36,33.4 1 1
github.com/swarm-editor/swarm-editor/internal/mcp/validation.go:37.2,37.33 1 1
github.com/swarm-editor/swarm-editor/internal/mcp/validation.go:37.33,39.10 2 1
github.com/swarm-editor/swarm-editor/internal/mcp/validation.go:39.10,40.16 1 1
github.com/swarm-editor/swarm-editor/internal/mcp/validation.go:40.16,45.5 1 1
github.com/swarm-editor/swarm-editor/internal/mcp/validation.go:46.4,46.12 1 1
github.com/swarm-editor/swarm-editor/internal/mcp/validation.go:49.3,49.63 1 1
github.com/swarm-editor/swarm-editor/internal/mcp/validation.go:49.63,51.4 1 1
github.com/swarm-editor/swarm-editor/internal/mcp/validation.go:54.2,54.12 1 1
github.com/swarm-editor/swarm-editor/internal/mcp/validation.go:58.89,59.18 1 1
github.com/swarm-editor/swarm-editor/internal/mcp/validation.go:59.18,61.3 1 1
github.com/swarm-editor/swarm-editor/internal/mcp/validation.go:63.2,63.19 1 1
github.com/swarm-editor/swarm-editor/internal/mcp/validation.go:64.16,65.45 1 1
github.com/swarm-editor/swarm-editor/internal/mcp/validation.go:66.16,67.39 1 1
github.com/swarm-editor/swarm-editor/internal/mcp/validation.go:68.17,69.40 1 1
github.com/swarm-editor/swarm-editor/internal/mcp/validation.go:70.17,71.40 1 1
github.com/swarm-editor/swarm-editor/internal/mcp/validation.go:72.15,73.38 1 1
github.com/swarm-editor/swarm-editor/internal/mcp/validation.go:74.16,75.39 1 1
github.com/swarm-editor/swarm-editor/internal/mcp/validation.go:76.10,77.13 1 0
github.com/swarm-editor/swarm-editor/internal/mcp/validation.go:82.87,84.9 2 1
github.com/swarm-editor/swarm-editor/internal/mcp/validation.go:84.9,89.3 1 1
github.com/swarm-editor/swarm-editor/internal/mcp/validation.go:92.2,92.49 1 1
github.com/swarm-editor/swarm-editor/internal/mcp/validation.go:92.49,99.20 2 1
github.com/swarm-editor/swarm-editor/internal/mcp/validation.go:99.20,102.34 3 1
github.com/swarm-editor/swarm-editor/internal/mcp/validation.go:102.34,103.18 1 1
github.com/swarm-editor/swarm-editor/internal/mcp/validation.go:103.18,105.11 2 1
github.com/swarm-editor/swarm-editor/internal/mcp/validation.go:108.4,108.14 1 1
github.com/swarm-editor/swarm-editor/internal/mcp/validation.go:108.14,113.5 1 1
github.com/swarm-editor/swarm-editor/internal/mcp/validation.go:117.2,117.12 1 1
github.com/swarm-editor/swarm-editor/internal/mcp/validation.go:121.72,122.22 1 1
github.com/swarm-editor/swarm-editor/internal/mcp/validation.go:123.43,124.13 1 1
github.com/swarm-editor/swarm-editor/internal/mcp/validation.go:125.10,129.4 1 1
github.com/swarm-editor/swarm-editor/internal/mcp/validation.go:134.73,135.29 1 1
github.com/swarm-editor/swarm-editor/internal/mcp/validation.go:136.15,137.33 1 1
github.com/swarm-editor/swarm-editor/internal/mcp/validation.go:137.33,142.4 1 1
github.com/swarm-editor/swarm-editor/internal/mcp/validation.go:143.3,143.13 1 1
github.com/swarm-editor/swarm-editor/internal/mcp/validation.go:144.25,145.13 1 1
github.com/swarm-editor/swarm-editor/internal/mcp/validation.go:146.19,148.17 2 1
github.com/swarm-editor/swarm-editor/internal/mcp/validation.go:148.17,153.4 1 1
github.com/swarm-editor/swarm-editor/internal/mcp/validation.go:154.3,154.13 1 1
github.com/swarm-editor/swarm-editor/internal/mcp/validation.go:155.10,159.4 1 1
github.com/swarm-editor/swarm-editor/internal/mcp/validation.go:164.73,166.9 2 1
github.com/swarm-editor/swarm-editor/internal/mcp/validation.go:166.9,171.3 1 1
github.com/swarm-editor/swarm-editor/internal/mcp/validation.go:172.2,172.12 1 1
github.com/swarm-editor/swarm-editor/internal/mcp/validation.go:176.71,178.9 2 1
github.com/swarm-editor/swarm-editor/internal/mcp/validation.go:178.9,180.47 1 1
github.com/swarm-editor/swarm-editor/internal/mcp/validation.go:180.47,183.4 2 1
github.com/swarm-editor/swarm-editor/internal/mcp/validation.go:184.3,187.4 1 1
github.com/swarm-editor/swarm-editor/internal/mcp/validation.go:189.2,189.12 1 1
github.com/swarm-editor/swarm-editor/internal/mcp/validation.go:193.72,195.9 2 1
github.com/swarm-editor/swarm-editor/internal/mcp/validation.go:195.9,200.3 1 1
github.com/swarm-editor/swarm-editor/internal/mcp/validation.go:201.2,201.12 1 1
github.com/swarm-editor/swarm-editor/internal/mcp/validation.go:210.42,212.2 1 1
github.com/swarm-editor/swarm-editor/internal/mcp/validation.go:215.63,218.2 2 1
github.com/swarm-editor/swarm-editor/internal/mcp/validation.go:226.40,234.2 1 1
github.com/swarm-editor/swarm-editor/internal/mcp/validation.go:237.103,242.14 2 1
github.com/swarm-editor/swarm-editor/internal/mcp/validation.go:242.14,244.3 1 1
github.com/swarm-editor/swarm-editor/internal/mcp/validation.go:245.2,245.10 1 1
github.com/swarm-editor/swarm-editor/internal/mcp/validation.go:249.99,251.2 1 1
github.com/swarm-editor/swarm-editor/internal/mcp/validation.go:254.99,256.2 1 1
github.com/swarm-editor/swarm-editor/internal/mcp/validation.go:259.100,261.2 1 1
github.com/swarm-editor/swarm-editor/internal/mcp/validation.go:264.100,266.2 1 1
github.com/swarm-editor/swarm-editor/internal/mcp/validation.go:269.98,271.2 1 1
github.com/swarm-editor/swarm-editor/internal/mcp/validation.go:274.99,276.2 1 1
github.com/swarm-editor/swarm-editor/internal/mcp/validation.go:279.45,281.2 1 1
github.com/swarm-editor/swarm-editor/internal/mcp/validation.go:284.66,290.2 1 1
